SF:lib\core\error\failure.dart
DA:6,23
DA:8,1
DA:9,2
DA:13,0
DA:18,22
LF:5
LH:4
end_of_record
SF:lib\features\auth\domain\use_case\reset_password_usecase.dart
DA:8,1
DA:10,1
DA:15,2
LF:3
LH:3
end_of_record
SF:lib\features\auth\domain\entity\user_entity.dart
DA:12,3
DA:22,0
DA:23,0
DA:24,0
DA:25,0
DA:26,0
DA:27,0
DA:29,0
DA:30,0
DA:34,0
DA:35,0
DA:36,0
DA:37,0
DA:38,0
DA:39,0
DA:40,0
DA:43,0
DA:52,0
DA:53,0
DA:54,0
DA:55,0
DA:56,0
DA:57,0
DA:58,0
DA:59,0
DA:63,0
DA:64,0
DA:65,0
DA:66,0
DA:67,0
DA:68,0
DA:69,0
DA:70,0
DA:71,0
LF:34
LH:1
end_of_record
SF:lib\features\auth\domain\use_case\send_rest_code_usecase.dart
DA:8,1
DA:10,1
DA:11,2
LF:3
LH:3
end_of_record
SF:lib\app\constant\shared_pref\local_storage_service.dart
DA:10,0
DA:11,0
DA:12,0
DA:15,0
DA:16,0
DA:17,0
DA:20,0
DA:21,0
DA:22,0
DA:23,0
DA:24,0
DA:25,0
DA:28,0
DA:29,0
DA:33,0
DA:34,0
DA:35,0
DA:36,0
DA:37,0
DA:39,0
DA:41,0
DA:42,0
DA:43,0
DA:44,0
DA:45,0
DA:46,0
DA:48,0
DA:49,0
LF:28
LH:0
end_of_record
SF:lib\features\auth\domain\use_case\user_login_usecase.dart
DA:13,3
DA:15,1
DA:17,2
DA:18,6
DA:26,1
DA:32,1
DA:34,4
DA:36,4
DA:39,2
DA:40,1
LF:10
LH:10
end_of_record
SF:lib\core\common\booking_card.dart
DA:8,1
DA:10,1
DA:11,1
DA:12,1
DA:15,1
DA:17,1
DA:19,1
DA:21,0
DA:28,1
DA:29,1
DA:30,1
DA:31,1
DA:33,1
DA:35,1
DA:37,0
DA:44,1
DA:46,2
DA:47,3
DA:49,1
DA:51,1
DA:53,1
DA:54,1
DA:55,1
DA:56,1
DA:62,1
DA:64,1
DA:66,1
DA:68,1
DA:69,1
DA:75,1
DA:76,1
DA:77,1
DA:78,1
DA:79,1
DA:80,4
DA:82,1
DA:86,1
DA:91,1
DA:93,1
DA:95,1
DA:97,1
DA:98,1
DA:99,3
DA:104,1
DA:105,3
DA:120,1
DA:122,1
DA:123,1
DA:124,1
DA:127,6
DA:131,1
DA:134,2
DA:138,1
DA:141,3
DA:146,2
DA:148,1
DA:150,1
DA:151,1
DA:160,1
DA:163,1
DA:164,1
DA:178,1
DA:184,1
DA:185,1
DA:186,2
DA:188,1
DA:189,1
DA:190,4
DA:191,1
DA:196,1
DA:197,1
DA:199,4
DA:201,1
LF:73
LH:71
end_of_record
SF:lib\features\booking\domain\entity\booking.dart
DA:18,1
LF:1
LH:1
end_of_record
SF:lib\features\profile\domain\entity\my_booking_entity.dart
DA:12,3
DA:21,0
DA:22,0
DA:23,0
DA:25,0
DA:26,0
DA:27,0
DA:28,0
LF:8
LH:1
end_of_record
SF:lib\features\booking\domain\use_case\cancel_booking_usecase.dart
DA:9,1
DA:11,1
DA:14,2
DA:15,1
DA:17,3
LF:5
LH:5
end_of_record
SF:lib\features\booking\domain\use_case\get_booking_usecase.dart
DA:11,1
DA:13,1
DA:16,2
DA:17,1
DA:19,3
LF:5
LH:5
end_of_record
SF:lib\features\home\domain\entity\venue_entity.dart
DA:21,6
DA:37,2
DA:38,2
DA:39,2
DA:40,2
DA:41,2
DA:42,2
DA:43,2
DA:44,2
DA:45,2
DA:46,2
DA:47,2
DA:48,2
DA:49,2
DA:50,2
DA:51,2
LF:16
LH:16
end_of_record
SF:lib\features\home\domain\entity\venue_image_entity.dart
DA:7,1
DA:12,0
DA:13,0
LF:3
LH:1
end_of_record
SF:lib\features\home\domain\entity\venue_location_entity.dart
DA:9,6
DA:16,2
DA:17,10
LF:3
LH:3
end_of_record
SF:lib\features\profile\presentation\view\my_bookings_view\my_bookings_view.dart
DA:9,7
DA:11,1
DA:13,1
DA:14,1
DA:17,2
DA:20,1
DA:21,1
DA:22,1
DA:23,1
DA:26,1
DA:27,1
DA:28,1
DA:30,1
DA:31,2
DA:33,1
DA:35,3
DA:38,1
DA:39,1
DA:40,1
DA:42,4
DA:49,1
DA:50,1
DA:51,1
DA:52,1
DA:53,1
DA:55,1
DA:56,2
DA:58,1
DA:60,3
DA:61,2
DA:64,1
DA:66,1
DA:68,4
DA:74,1
DA:76,1
DA:77,1
DA:78,1
DA:79,1
DA:82,2
DA:83,1
DA:84,2
DA:97,1
DA:98,1
DA:100,1
DA:101,1
DA:102,1
DA:103,1
DA:104,1
DA:105,1
DA:106,1
DA:107,3
DA:108,2
DA:110,1
DA:112,1
DA:113,3
DA:114,1
LF:56
LH:56
end_of_record
SF:lib\features\profile\presentation\view_model\my_bookings_view_model\my_booking_view_model.dart
DA:11,1
DA:14,2
DA:15,2
DA:16,2
DA:19,1
DA:23,2
DA:24,2
DA:25,1
DA:26,4
DA:27,3
DA:31,1
DA:35,1
DA:37,1
DA:38,1
DA:40,6
DA:42,2
DA:45,3
DA:47,1
DA:48,1
DA:50,3
DA:52,1
DA:54,2
LF:22
LH:22
end_of_record
SF:lib\features\profile\presentation\view_model\my_bookings_view_model\my_bookings_event.dart
DA:7,2
LF:1
LH:1
end_of_record
SF:lib\features\profile\presentation\view_model\my_bookings_view_model\my_bookings_state.dart
DA:5,3
DA:7,1
DA:8,1
DA:18,3
DA:20,1
DA:21,2
DA:28,2
DA:30,1
DA:31,2
LF:9
LH:9
end_of_record
SF:lib\features\auth\domain\use_case\user_register_usecase.dart
DA:14,2
DA:21,1
DA:28,1
DA:29,5
DA:36,1
DA:38,1
DA:40,1
DA:41,1
DA:43,1
DA:44,1
DA:45,1
DA:49,2
LF:12
LH:12
end_of_record
SF:lib\features\auth\domain\use_case\verify_password_usecase.dart
DA:11,1
DA:13,1
DA:14,3
DA:21,1
DA:23,1
DA:25,4
LF:6
LH:6
end_of_record
SF:lib\features\auth\domain\use_case\verify_reset_code_usecase.dart
DA:8,1
DA:10,1
DA:11,2
LF:3
LH:3
end_of_record
SF:lib\app\service_locator\service_locator.dart
DA:72,21
DA:74,0
DA:75,0
DA:76,0
DA:77,0
DA:78,0
DA:79,0
DA:80,0
DA:81,0
DA:82,0
DA:83,0
DA:86,0
DA:87,0
DA:88,0
DA:91,0
DA:92,0
DA:95,0
DA:96,0
DA:97,0
DA:102,0
DA:103,0
DA:104,0
DA:105,0
DA:109,0
DA:110,0
DA:111,0
DA:112,0
DA:116,0
DA:117,0
DA:118,0
DA:122,0
DA:123,0
DA:124,0
DA:125,0
DA:130,0
DA:131,0
DA:132,0
DA:133,0
DA:139,0
DA:140,0
DA:141,0
DA:142,0
DA:143,0
DA:149,0
DA:150,0
DA:151,0
DA:152,0
DA:157,0
DA:158,0
DA:159,0
DA:160,0
DA:161,0
DA:166,0
DA:167,0
DA:168,0
DA:169,0
DA:174,0
DA:175,0
DA:176,0
DA:180,0
DA:181,0
DA:182,0
DA:187,0
DA:188,0
DA:189,0
DA:194,0
DA:195,0
DA:196,0
DA:200,0
DA:201,0
DA:202,0
DA:207,0
DA:208,0
DA:209,0
DA:210,0
DA:211,0
DA:212,0
DA:218,0
DA:219,0
DA:220,0
DA:221,0
DA:225,0
DA:226,0
DA:227,0
DA:231,0
DA:232,0
DA:233,0
DA:234,0
DA:239,0
DA:240,0
DA:241,0
DA:242,0
DA:247,0
DA:248,0
DA:249,0
DA:250,0
DA:254,0
DA:255,0
DA:256,0
DA:260,0
DA:261,0
DA:262,0
DA:266,0
DA:267,0
DA:268,0
DA:272,0
DA:273,0
DA:274,0
DA:275,0
DA:276,0
DA:277,0
DA:282,0
DA:283,0
DA:284,0
DA:285,0
DA:290,0
DA:291,0
DA:292,0
DA:293,0
DA:297,0
DA:298,0
DA:299,0
DA:300,0
DA:301,0
DA:302,0
DA:308,0
DA:309,0
DA:310,0
DA:311,0
DA:315,0
DA:316,0
DA:319,0
DA:320,0
DA:321,0
DA:322,0
DA:323,0
DA:324,0
DA:329,0
DA:330,0
DA:331,0
DA:335,0
DA:336,0
DA:337,0
DA:338,0
DA:339,0
DA:344,0
DA:345,0
DA:346,0
DA:350,0
DA:351,0
DA:352,0
DA:357,0
DA:358,0
DA:359,0
DA:360,0
DA:364,0
DA:365,0
DA:366,0
DA:369,0
DA:370,0
DA:371,0
DA:372,0
DA:373,0
DA:378,0
DA:379,0
DA:380,0
DA:384,0
DA:385,0
DA:386,0
DA:390,0
DA:391,0
DA:392,0
DA:393,0
DA:394,0
DA:395,0
DA:396,0
DA:401,0
DA:402,0
DA:403,0
DA:404,0
DA:405,0
DA:411,0
DA:412,0
DA:413,0
DA:414,0
DA:418,0
DA:419,0
DA:420,0
DA:421,0
DA:425,0
DA:426,0
DA:427,0
DA:430,0
DA:431,0
DA:432,0
DA:433,0
DA:434,0
DA:435,0
DA:440,0
DA:441,0
DA:442,0
DA:446,0
DA:447,0
DA:448,0
DA:452,0
DA:453,0
DA:454,0
DA:455,0
DA:456,0
DA:460,0
DA:461,0
DA:462,0
DA:463,0
DA:464,0
DA:465,0
DA:471,0
DA:472,0
DA:473,0
DA:474,0
DA:478,0
DA:480,0
DA:481,0
DA:482,0
DA:483,0
DA:488,0
DA:489,0
DA:490,0
DA:494,0
DA:495,0
DA:496,0
DA:500,0
DA:501,0
DA:502,0
DA:507,0
DA:508,0
DA:509,0
DA:510,0
DA:511,0
DA:512,0
LF:239
LH:1
end_of_record
SF:lib\features\auth\presentation\view\forget_password_view\forget_password_screen.dart
DA:14,2
DA:18,2
DA:20,2
DA:22,4
DA:23,4
DA:24,4
DA:25,4
DA:27,2
DA:28,2
DA:29,2
DA:31,2
DA:32,2
DA:34,2
DA:37,2
DA:38,2
DA:42,2
DA:43,1
DA:44,1
DA:45,2
DA:51,1
DA:53,1
DA:55,2
DA:56,3
DA:61,1
DA:62,2
DA:63,3
DA:67,2
DA:68,2
DA:70,2
DA:72,2
DA:74,1
DA:75,2
DA:76,1
DA:77,3
DA:82,2
LF:35
LH:35
end_of_record
SF:lib\features\auth\presentation\view\forget_password_view\verify_reset_code_screen.dart
DA:17,2
DA:21,2
DA:23,2
DA:25,4
DA:26,4
DA:27,4
DA:28,4
DA:30,2
DA:31,2
DA:32,2
DA:34,2
DA:35,2
DA:37,2
DA:38,6
DA:40,2
DA:41,2
DA:45,2
DA:46,1
DA:47,1
DA:48,2
DA:57,1
DA:59,1
DA:61,2
DA:62,1
DA:63,3
DA:68,1
DA:69,2
DA:70,3
DA:74,2
DA:75,2
DA:77,2
DA:79,2
DA:81,1
DA:82,2
DA:83,1
DA:84,1
DA:85,3
DA:90,2
LF:38
LH:38
end_of_record
SF:lib\app\constant\api\api_endpoints.dart
DA:2,0
DA:31,0
DA:51,0
DA:57,0
LF:4
LH:0
end_of_record
SF:lib\app\constant\hive\hive_table_constant.dart
DA:2,0
LF:1
LH:0
end_of_record
SF:lib\core\network\api_service.dart
DA:10,0
DA:12,0
DA:13,0
DA:14,0
DA:15,0
DA:16,0
DA:17,0
DA:18,0
DA:19,0
DA:27,0
DA:28,0
DA:34,0
DA:35,0
DA:36,0
DA:38,0
DA:39,0
DA:41,0
DA:45,0
DA:48,0
DA:49,0
DA:51,0
DA:55,0
DA:60,0
DA:63,0
DA:67,0
DA:72,0
DA:75,0
DA:80,0
DA:85,0
DA:88,0
DA:92,0
DA:93,0
DA:95,0
LF:33
LH:0
end_of_record
SF:lib\core\network\hive_service.dart
DA:17,0
DA:18,0
DA:29,0
DA:30,0
DA:31,0
DA:33,0
DA:34,0
DA:36,0
DA:37,0
DA:39,0
DA:40,0
DA:42,0
DA:43,0
DA:45,0
DA:46,0
DA:48,0
DA:49,0
DA:51,0
DA:52,0
DA:54,0
DA:55,0
DA:58,0
DA:59,0
DA:62,0
DA:63,0
DA:64,0
DA:65,0
DA:68,0
DA:69,0
DA:70,0
DA:73,0
DA:79,0
DA:80,0
DA:83,0
DA:84,0
DA:87,0
DA:88,0
DA:91,0
DA:92,0
DA:95,0
DA:96,0
DA:99,0
DA:100,0
DA:103,0
DA:105,0
DA:106,0
DA:114,0
DA:115,0
DA:118,0
DA:119,0
DA:122,0
DA:123,0
DA:126,0
DA:127,0
DA:130,0
DA:131,0
DA:134,0
DA:135,0
DA:138,0
DA:139,0
DA:140,0
DA:146,0
DA:147,0
DA:148,0
DA:149,0
DA:150,0
DA:154,0
DA:155,0
DA:160,0
DA:161,0
DA:163,0
DA:164,0
DA:166,0
DA:169,0
DA:170,0
DA:174,0
DA:175,0
DA:178,0
DA:179,0
DA:182,0
DA:183,0
DA:186,0
DA:187,0
DA:190,0
DA:191,0
DA:195,0
DA:196,0
DA:199,0
DA:200,0
DA:203,0
DA:204,0
DA:207,0
DA:208,0
DA:211,0
DA:212,0
LF:95
LH:0
end_of_record
SF:lib\core\network\socket_service.dart
DA:5,0
DA:6,0
DA:8,0
DA:15,0
DA:16,0
DA:17,0
DA:19,0
DA:21,0
DA:22,0
DA:23,0
DA:24,0
DA:25,0
DA:28,0
DA:29,0
DA:30,0
DA:34,0
DA:35,0
DA:37,0
DA:38,0
DA:39,0
DA:40,0
DA:41,0
DA:42,0
DA:43,0
DA:44,0
DA:46,0
DA:48,0
DA:49,0
DA:52,0
DA:56,0
DA:58,0
DA:59,0
DA:62,0
DA:63,0
DA:67,0
DA:68,0
DA:71,0
DA:77,0
DA:84,0
DA:87,0
DA:88,0
DA:89,0
DA:91,0
DA:92,0
LF:44
LH:0
end_of_record
SF:lib\features\auth\data\data_source\local_data_source\user_local_datasource.dart
DA:9,0
DA:12,0
DA:15,0
DA:19,0
DA:21,0
DA:22,0
DA:23,0
DA:26,0
DA:29,0
DA:33,0
DA:36,0
DA:38,0
DA:39,0
DA:40,0
DA:41,0
DA:42,0
DA:43,0
DA:44,0
DA:46,0
DA:47,0
DA:48,0
DA:51,0
DA:53,0
DA:57,0
DA:58,0
DA:61,0
DA:63,0
DA:65,0
DA:66,0
DA:67,0
DA:68,0
DA:69,0
DA:70,0
DA:71,0
DA:72,0
DA:75,0
DA:77,0
DA:81,0
DA:83,0
DA:86,0
DA:88,0
DA:91,0
DA:94,0
DA:97,0
DA:100,0
DA:103,0
DA:106,0
LF:47
LH:0
end_of_record
SF:lib\features\auth\data\data_source\remote_data_source\user_remote_data_source.dart
DA:11,0
DA:14,0
DA:17,0
DA:19,0
DA:22,0
DA:24,0
DA:27,0
DA:28,0
DA:31,0
DA:34,0
DA:36,0
DA:37,0
DA:38,0
DA:41,0
DA:45,0
DA:48,0
DA:50,0
DA:52,0
DA:55,0
DA:58,0
DA:59,0
DA:62,0
DA:63,0
DA:64,0
DA:67,0
DA:71,0
DA:74,0
DA:76,0
DA:79,0
DA:80,0
DA:82,0
DA:84,0
DA:85,0
DA:86,0
DA:90,0
DA:93,0
DA:95,0
DA:98,0
DA:99,0
DA:101,0
DA:102,0
DA:103,0
DA:108,0
DA:111,0
DA:113,0
DA:119,0
DA:120,0
DA:122,0
DA:123,0
DA:124,0
DA:129,0
DA:136,0
DA:138,0
DA:145,0
DA:146,0
DA:148,0
DA:149,0
DA:150,0
LF:58
LH:0
end_of_record
SF:lib\features\auth\data\repository\hybrid_user_repository.dart
DA:14,0
DA:16,0
DA:22,0
DA:23,0
DA:25,0
DA:26,0
DA:29,0
DA:31,0
DA:32,0
DA:33,0
DA:36,0
DA:39,0
DA:40,0
DA:41,0
DA:45,0
DA:46,0
DA:47,0
DA:48,0
DA:49,0
DA:53,0
DA:55,0
DA:56,0
DA:57,0
DA:59,0
DA:60,0
DA:64,0
DA:65,0
DA:66,0
DA:68,0
DA:69,0
DA:73,0
DA:79,0
DA:84,0
DA:86,0
DA:90,0
DA:92,0
DA:99,0
DA:101,0
DA:104,0
DA:106,0
DA:109,0
DA:115,0
LF:42
LH:0
end_of_record
SF:lib\features\auth\data\repository\local_repository\user_local_repository.dart
DA:10,0
DA:13,0
DA:19,0
DA:24,0
DA:25,0
DA:27,0
DA:29,0
DA:31,0
DA:35,0
DA:38,0
DA:39,0
DA:41,0
DA:45,0
DA:51,0
DA:52,0
DA:53,0
DA:55,0
DA:57,0
DA:61,0
DA:63,0
DA:64,0
DA:66,0
DA:70,0
DA:72,0
DA:73,0
DA:76,0
DA:79,0
DA:80,0
DA:83,0
DA:86,0
DA:89,0
DA:92,0
DA:95,0
DA:98,0
LF:34
LH:0
end_of_record
SF:lib\features\auth\data\repository\remote_repository\user_remote_repository.dart
DA:10,0
DA:13,0
DA:19,0
DA:20,0
DA:22,0
DA:23,0
DA:24,0
DA:25,0
DA:28,0
DA:32,0
DA:35,0
DA:38,0
DA:42,0
DA:48,0
DA:49,0
DA:51,0
DA:55,0
DA:58,0
DA:61,0
DA:65,0
DA:68,0
DA:71,0
DA:75,0
DA:82,0
DA:89,0
LF:25
LH:0
end_of_record
SF:lib\features\auth\presentation\view_model\forget_password_view_model\forget_password_view_model.dart
DA:15,5
DA:19,10
DA:20,10
DA:21,10
DA:22,10
DA:25,2
DA:29,6
DA:30,6
DA:31,2
DA:32,2
DA:33,8
DA:34,8
DA:38,2
DA:42,6
DA:43,8
DA:44,2
DA:45,2
DA:46,8
DA:47,8
DA:51,2
DA:55,6
DA:56,4
DA:57,2
DA:58,2
DA:59,2
DA:61,2
DA:62,2
DA:63,8
DA:64,8
LF:29
LH:29
end_of_record
SF:lib\features\auth\presentation\view_model\login_view_model\login_view_model.dart
DA:12,6
DA:13,4
DA:17,1
DA:21,3
DA:23,2
DA:24,3
DA:27,1
DA:28,1
DA:29,4
DA:32,1
DA:33,3
DA:35,2
DA:36,1
LF:13
LH:13
end_of_record
SF:lib\features\auth\presentation\view_model\register_view_model\register_view_model.dart
DA:9,1
DA:10,2
DA:12,2
DA:17,1
DA:21,3
DA:23,2
DA:24,1
DA:25,1
DA:26,1
DA:27,1
DA:28,1
DA:32,1
DA:33,1
DA:34,3
DA:37,1
DA:38,3
DA:40,2
LF:17
LH:17
end_of_record
SF:lib\features\booking\data\data_source\local_data_source\booking_local_data_source.dart
DA:9,0
DA:10,0
DA:11,0
DA:14,0
DA:15,0
DA:16,0
DA:19,0
DA:20,0
DA:21,0
DA:24,0
DA:25,0
DA:26,0
LF:12
LH:0
end_of_record
SF:lib\features\booking\data\data_source\remote_data_source\booking_remote_data_source.dart
DA:8,0
DA:10,0
DA:11,0
DA:12,0
DA:13,0
DA:15,0
DA:21,0
DA:22,0
DA:23,0
DA:24,0
DA:26,0
DA:30,0
DA:31,0
DA:32,0
LF:14
LH:0
end_of_record
SF:lib\features\booking\data\repository\booking_repository_impl.dart
DA:15,0
DA:23,0
DA:26,0
DA:27,0
DA:29,0
DA:30,0
DA:37,0
DA:40,0
DA:42,0
DA:44,0
DA:45,0
DA:46,0
DA:47,0
DA:48,0
DA:49,0
DA:50,0
DA:51,0
DA:52,0
DA:53,0
DA:54,0
DA:55,0
DA:56,0
DA:57,0
DA:58,0
DA:60,0
DA:62,0
DA:71,0
DA:73,0
DA:75,0
DA:77,0
DA:78,0
DA:80,0
DA:82,0
DA:83,0
DA:86,0
DA:87,0
DA:91,0
DA:92,0
LF:38
LH:0
end_of_record
SF:lib\features\booking\domain\use_case\create_booking_usecase.dart
DA:10,1
DA:12,1
DA:15,2
DA:17,1
DA:19,2
DA:22,3
LF:6
LH:6
end_of_record
SF:lib\features\booking\presentation\view_model\booking_view_model.dart
DA:15,0
DA:18,0
DA:19,0
DA:20,0
DA:21,0
DA:22,0
DA:23,0
DA:24,0
DA:27,0
DA:28,0
DA:31,0
DA:32,0
DA:33,0
DA:36,0
DA:37,0
DA:38,0
DA:39,0
DA:42,0
DA:44,0
DA:45,0
DA:46,0
DA:47,0
DA:48,0
DA:52,0
DA:54,0
DA:56,0
DA:57,0
DA:58,0
DA:64,0
DA:65,0
DA:66,0
DA:70,0
DA:71,0
DA:74,0
DA:78,0
DA:79,0
DA:83,0
DA:84,0
DA:85,0
DA:86,0
DA:87,0
DA:89,0
DA:90,0
DA:93,0
DA:94,0
DA:102,0
DA:110,0
DA:111,0
DA:113,0
DA:115,0
DA:116,0
DA:122,0
DA:124,0
DA:125,0
DA:126,0
DA:127,0
DA:129,0
DA:133,0
DA:134,0
DA:136,0
DA:142,0
DA:146,0
DA:147,0
DA:148,0
DA:149,0
DA:158,0
DA:161,0
DA:165,0
DA:167,0
DA:168,0
DA:177,0
DA:179,0
DA:181,0
DA:182,0
DA:183,0
DA:184,0
DA:185,0
DA:186,0
DA:187,0
DA:188,0
DA:190,0
DA:191,0
DA:192,0
DA:193,0
DA:194,0
DA:199,0
DA:201,0
DA:202,0
DA:203,0
DA:205,0
DA:210,0
DA:211,0
DA:215,0
LF:93
LH:0
end_of_record
SF:lib\features\chat\data\data_source\local_data_source\chat_local_data_source.dart
DA:26,0
DA:27,0
DA:28,0
DA:29,0
DA:31,0
DA:32,0
DA:34,0
DA:35,0
DA:39,0
DA:40,0
DA:41,0
DA:42,0
DA:45,0
DA:46,0
DA:50,0
DA:52,0
DA:53,0
DA:56,0
DA:58,0
DA:59,0
DA:60,0
DA:61,0
DA:64,0
DA:66,0
DA:67,0
DA:70,0
DA:71,0
DA:72,0
DA:78,0
DA:80,0
DA:81,0
DA:82,0
DA:83,0
DA:86,0
DA:88,0
DA:89,0
DA:92,0
DA:94,0
DA:96,0
LF:39
LH:0
end_of_record
SF:lib\features\chat\data\data_source\remote_data_source\chat_api_service.dart
DA:8,0
DA:10,0
DA:14,0
DA:17,0
DA:20,0
DA:24,0
DA:26,0
LF:7
LH:0
end_of_record
SF:lib\features\chat\data\data_source\remote_data_source\chat_remote_data_source.dart
DA:15,0
DA:17,0
DA:19,0
DA:20,0
DA:21,0
DA:22,0
DA:24,0
DA:28,0
DA:33,0
DA:37,0
DA:38,0
DA:40,0
LF:12
LH:0
end_of_record
SF:lib\features\chat\data\repository\chat_repository_impl.dart
DA:20,0
DA:26,0
DA:32,0
DA:35,0
DA:40,0
DA:41,0
DA:43,0
DA:46,0
DA:47,0
DA:50,0
DA:51,0
DA:52,0
DA:55,0
DA:59,0
DA:66,0
DA:70,0
DA:73,0
DA:75,0
DA:80,0
DA:82,0
DA:83,0
DA:84,0
DA:85,0
DA:86,0
DA:87,0
DA:88,0
DA:89,0
DA:91,0
DA:94,0
DA:99,0
DA:100,0
DA:102,0
DA:103,0
DA:104,0
DA:107,0
DA:108,0
DA:111,0
DA:113,0
DA:116,0
DA:118,0
DA:121,0
DA:125,0
DA:126,0
DA:127,0
DA:131,0
LF:45
LH:0
end_of_record
SF:lib\features\chat\domain\use_case\get_chat_usecase.dart
DA:10,0
DA:12,0
DA:14,0
DA:15,0
DA:16,0
DA:17,0
DA:20,0
LF:7
LH:0
end_of_record
SF:lib\features\chat\domain\use_case\get_or_create_chat_usecase.dart
DA:12,1
DA:22,1
DA:34,1
DA:36,1
DA:40,2
DA:41,1
DA:42,1
DA:43,1
LF:8
LH:8
end_of_record
SF:lib\features\chat\presentation\view_model\chat_list_bloc.dart
DA:12,1
DA:16,2
DA:17,2
DA:18,2
DA:21,1
DA:25,2
DA:27,2
DA:28,3
DA:29,1
DA:30,1
DA:33,1
DA:34,4
DA:35,3
DA:39,1
DA:43,2
DA:44,3
DA:45,1
DA:46,4
DA:47,3
LF:19
LH:19
end_of_record
SF:lib\features\chat\presentation\view_model\chat_message_bloc.dart
DA:13,1
DA:17,2
DA:18,2
DA:19,2
DA:22,1
DA:26,2
DA:28,2
DA:29,1
DA:32,1
DA:33,1
DA:34,3
DA:35,1
DA:36,2
DA:39,4
DA:41,3
DA:42,3
DA:43,2
DA:48,1
DA:52,1
DA:53,1
DA:54,2
DA:55,2
DA:57,2
DA:60,3
DA:62,4
DA:65,3
DA:68,1
DA:74,2
DA:82,1
DA:84,2
DA:85,1
LF:31
LH:31
end_of_record
SF:lib\features\common\presentation\view_model\venue_details_bloc.dart
DA:10,3
DA:11,2
DA:12,2
DA:13,3
DA:14,1
DA:15,4
DA:16,3
DA:21,1
DA:23,1
LF:9
LH:9
end_of_record
SF:lib\features\home\data\data_source\local_data_source\venue_local_datasource.dart
DA:9,0
DA:12,0
DA:16,0
DA:19,0
DA:22,0
DA:24,0
DA:26,0
DA:28,0
DA:31,0
DA:33,0
DA:34,0
DA:38,0
DA:40,0
DA:41,0
DA:45,0
DA:47,0
DA:50,0
DA:52,0
DA:55,0
DA:57,0
DA:60,0
DA:62,0
DA:63,0
DA:65,0
DA:68,0
DA:69,0
DA:70,0
DA:71,0
DA:75,0
DA:76,0
DA:82,0
DA:92,0
DA:95,0
DA:98,0
DA:101,0
DA:104,0
DA:107,0
DA:112,0
DA:114,0
DA:115,0
DA:118,0
DA:119,0
DA:122,0
DA:123,0
DA:124,0
DA:125,0
DA:126,0
DA:127,0
LF:48
LH:0
end_of_record
SF:lib\features\home\data\data_source\remote_data_source\venue_remote_datasource.dart
DA:10,0
DA:12,0
DA:15,0
DA:16,0
DA:17,0
DA:19,0
DA:23,0
DA:24,0
DA:26,0
DA:30,0
DA:33,0
DA:35,0
DA:36,0
DA:38,0
DA:42,0
DA:45,0
DA:47,0
DA:49,0
DA:51,0
DA:55,0
DA:58,0
DA:59,0
DA:60,0
DA:62,0
DA:64,0
DA:68,0
DA:71,0
DA:72,0
DA:73,0
DA:76,0
DA:80,0
DA:82,0
DA:86,0
DA:88,0
DA:89,0
DA:90,0
DA:92,0
DA:96,0
DA:98,0
DA:99,0
DA:101,0
DA:103,0
DA:104,0
DA:105,0
DA:112,0
DA:116,0
DA:119,0
DA:124,0
DA:126,0
DA:127,0
DA:129,0
DA:130,0
DA:132,0
DA:135,0
DA:139,0
DA:150,0
DA:151,0
DA:152,0
DA:153,0
DA:154,0
DA:155,0
DA:156,0
DA:157,0
DA:158,0
DA:161,0
DA:166,0
DA:167,0
DA:169,0
LF:68
LH:0
end_of_record
SF:lib\features\home\data\repository\hybrid_venue_repository.dart
DA:11,0
DA:16,0
DA:21,0
DA:26,0
DA:27,0
DA:28,0
DA:32,0
DA:33,0
DA:34,0
DA:35,0
DA:38,0
DA:41,0
DA:43,0
DA:44,0
DA:45,0
DA:53,0
DA:55,0
DA:57,0
DA:58,0
DA:59,0
DA:60,0
DA:64,0
DA:68,0
DA:70,0
DA:72,0
DA:73,0
DA:74,0
DA:75,0
DA:78,0
DA:80,0
DA:82,0
DA:83,0
DA:84,0
DA:85,0
DA:86,0
DA:87,0
DA:89,0
DA:94,0
DA:96,0
DA:99,0
DA:101,0
DA:103,0
DA:105,0
DA:106,0
DA:110,0
DA:112,0
DA:115,0
DA:117,0
DA:120,0
DA:130,0
DA:140,0
DA:145,0
DA:158,0
DA:160,0
DA:163,0
DA:166,0
DA:169,0
DA:172,0
DA:175,0
DA:177,0
DA:179,0
DA:180,0
DA:181,0
DA:182,0
DA:184,0
DA:185,0
DA:186,0
DA:187,0
DA:192,0
DA:194,0
DA:195,0
DA:198,0
DA:200,0
DA:201,0
DA:202,0
DA:203,0
DA:205,0
DA:206,0
LF:78
LH:0
end_of_record
SF:lib\features\home\data\repository\local_repository\venue_local_repository.dart
DA:10,0
DA:12,0
DA:17,0
DA:21,0
DA:23,0
DA:27,0
DA:30,0
DA:31,0
DA:33,0
DA:37,0
DA:40,0
DA:41,0
DA:43,0
DA:47,0
DA:50,0
DA:51,0
DA:53,0
DA:57,0
DA:60,0
DA:63,0
DA:69,0
DA:72,0
DA:73,0
DA:75,0
DA:79,0
DA:82,0
DA:83,0
DA:85,0
DA:89,0
DA:92,0
DA:93,0
DA:95,0
DA:99,0
DA:110,0
DA:119,0
DA:121,0
DA:125,0
DA:128,0
DA:129,0
DA:130,0
DA:132,0
DA:135,0
DA:138,0
DA:139,0
DA:141,0
DA:145,0
DA:148,0
DA:150,0
DA:154,0
DA:155,0
DA:159,0
DA:161,0
DA:162,0
DA:165,0
DA:168,0
DA:169,0
DA:170,0
DA:172,0
DA:173,0
LF:59
LH:0
end_of_record
SF:lib\features\home\data\repository\remote_repository\venue_remote_repository.dart
DA:10,0
DA:12,0
DA:17,0
DA:21,0
DA:23,0
DA:27,0
DA:30,0
DA:31,0
DA:33,0
DA:37,0
DA:40,0
DA:41,0
DA:43,0
DA:47,0
DA:50,0
DA:51,0
DA:53,0
DA:57,0
DA:60,0
DA:63,0
DA:69,0
DA:72,0
DA:73,0
DA:75,0
DA:79,0
DA:82,0
DA:83,0
DA:85,0
DA:89,0
DA:92,0
DA:93,0
DA:95,0
DA:99,0
DA:110,0
DA:119,0
DA:121,0
DA:125,0
DA:128,0
DA:129,0
DA:130,0
DA:131,0
DA:132,0
DA:133,0
DA:136,0
DA:138,0
DA:142,0
DA:145,0
DA:148,0
DA:151,0
DA:154,0
DA:157,0
DA:160,0
DA:163,0
LF:53
LH:0
end_of_record
SF:lib\features\home\domain\use_case\get_ favorites_usecase.dart
DA:9,0
DA:11,0
DA:12,0
DA:15,0
DA:16,0
LF:5
LH:0
end_of_record
SF:lib\features\home\domain\use_case\get_all_venues_use_case.dart
DA:10,0
DA:12,0
DA:15,0
DA:21,0
DA:22,0
LF:5
LH:0
end_of_record
SF:lib\features\home\domain\use_case\search_venue_usecase.dart
DA:9,0
DA:11,0
DA:20,0
LF:3
LH:0
end_of_record
SF:lib\features\home\domain\use_case\toggle_favorite_usecase.dart
DA:8,0
DA:10,0
DA:11,0
DA:14,0
DA:15,0
LF:5
LH:0
end_of_record
SF:lib\features\home\presentation\view_model\home_view_model.dart
DA:14,0
DA:18,0
DA:19,0
DA:20,0
DA:21,0
DA:22,0
DA:25,0
DA:29,0
DA:31,0
DA:32,0
DA:34,0
DA:35,0
DA:36,0
DA:38,0
DA:39,0
DA:40,0
DA:41,0
DA:42,0
DA:44,0
DA:45,0
DA:47,0
DA:51,0
DA:54,0
DA:55,0
DA:57,0
DA:58,0
DA:63,0
DA:72,0
DA:76,0
DA:77,0
DA:79,0
DA:83,0
DA:85,0
DA:90,0
DA:91,0
DA:92,0
DA:95,0
DA:96,0
DA:98,0
DA:102,0
DA:103,0
DA:105,0
DA:107,0
DA:108,0
DA:110,0
DA:113,0
DA:120,0
DA:124,0
DA:125,0
DA:128,0
DA:129,0
DA:132,0
DA:133,0
DA:135,0
DA:136,0
DA:140,0
DA:141,0
DA:148,0
DA:152,0
DA:154,0
DA:156,0
DA:157,0
DA:160,0
DA:162,0
DA:167,0
DA:168,0
DA:169,0
DA:171,0
DA:172,0
DA:173,0
DA:176,0
DA:177,0
DA:182,0
DA:184,0
DA:185,0
DA:187,0
DA:189,0
DA:191,0
DA:195,0
DA:196,0
DA:197,0
DA:199,0
DA:200,0
DA:201,0
DA:204,0
DA:205,0
DA:211,0
LF:87
LH:0
end_of_record
SF:lib\features\home\presentation\view_model\search_bloc.dart
DA:13,1
DA:17,2
DA:18,2
DA:19,2
DA:20,2
DA:23,1
DA:25,2
DA:27,2
DA:37,2
DA:39,1
DA:40,4
DA:41,1
DA:42,1
DA:43,4
DA:44,3
DA:50,1
DA:52,2
DA:54,2
DA:55,1
DA:56,1
DA:57,1
DA:58,1
DA:59,1
DA:64,2
DA:66,1
DA:67,4
DA:68,1
DA:69,1
DA:70,4
DA:71,3
DA:77,1
DA:79,2
DA:80,1
DA:82,2
DA:83,2
DA:86,2
DA:88,2
DA:91,3
DA:93,3
DA:95,1
DA:96,1
DA:97,1
DA:99,2
DA:101,2
DA:103,3
DA:105,1
LF:46
LH:46
end_of_record
SF:lib\features\notification\data\data_source\remote_data_source\notification_api_service.dart
DA:8,0
DA:10,0
DA:11,0
DA:17,0
DA:18,0
DA:19,0
DA:25,0
DA:26,0
LF:8
LH:0
end_of_record
SF:lib\features\notification\data\repository\remote_repository\notification_repository_impl.dart
DA:11,0
DA:13,0
DA:16,0
DA:18,0
DA:19,0
DA:20,0
DA:21,0
DA:23,0
DA:27,0
DA:30,0
DA:33,0
DA:37,0
DA:40,0
DA:43,0
LF:14
LH:0
end_of_record
SF:lib\features\notification\domain\use_case\get_notification.dart
DA:11,0
DA:13,0
DA:14,0
LF:3
LH:0
end_of_record
SF:lib\features\notification\domain\use_case\mark_all_as_read.dart
DA:9,0
DA:11,0
DA:14,0
LF:3
LH:0
end_of_record
SF:lib\features\notification\domain\use_case\mark_as_read.dart
DA:9,0
DA:11,0
DA:13,0
LF:3
LH:0
end_of_record
SF:lib\features\notification\presentation\view_model\notification_view_model.dart
DA:13,1
DA:17,2
DA:18,2
DA:19,2
DA:20,2
DA:21,1
DA:22,4
DA:23,3
DA:27,2
DA:28,3
DA:29,2
DA:32,2
DA:33,2
DA:34,2
LF:14
LH:14
end_of_record
SF:lib\features\profile\data\data_source\local_data_source\profile_local_data_source.dart
DA:11,0
DA:14,0
DA:16,0
DA:17,0
DA:18,0
DA:19,0
DA:20,0
DA:21,0
DA:22,0
DA:23,0
DA:25,0
DA:26,0
DA:29,0
DA:30,0
DA:31,0
DA:33,0
DA:34,0
DA:37,0
DA:38,0
DA:39,0
DA:41,0
DA:43,0
DA:44,0
DA:47,0
DA:53,0
DA:54,0
DA:55,0
LF:27
LH:0
end_of_record
SF:lib\features\profile\data\data_source\remote_data_source\profile_remote_data_source.dart
DA:11,0
DA:14,0
DA:16,0
DA:18,0
DA:19,0
DA:23,0
DA:24,0
DA:26,0
DA:28,0
DA:29,0
DA:30,0
DA:35,0
DA:43,0
DA:51,0
DA:52,0
DA:54,0
DA:55,0
DA:56,0
DA:60,0
DA:62,0
DA:65,0
DA:66,0
DA:67,0
DA:73,0
DA:74,0
DA:76,0
DA:77,0
DA:78,0
LF:28
LH:0
end_of_record
SF:lib\features\profile\data\repository\profile_repository_impl.dart
DA:14,0
DA:19,0
DA:24,0
DA:26,0
DA:27,0
DA:31,0
DA:33,0
DA:37,0
DA:38,0
DA:40,0
DA:45,0
DA:54,0
DA:63,0
DA:64,0
DA:65,0
DA:69,0
LF:16
LH:0
end_of_record
SF:lib\features\profile\domain\use_case\get_profile_usecase.dart
DA:10,0
DA:12,0
DA:14,0
LF:3
LH:0
end_of_record
SF:lib\features\profile\domain\use_case\update_profile_usecase.dart
DA:11,0
DA:13,0
DA:15,0
DA:16,0
DA:17,0
DA:18,0
DA:19,0
DA:20,0
LF:8
LH:0
end_of_record
SF:lib\features\profile\presentation\view_model\profile_view_model.dart
DA:19,1
DA:26,2
DA:27,2
DA:28,2
DA:29,2
DA:32,1
DA:36,3
DA:38,2
DA:39,1
DA:40,3
DA:44,2
DA:46,1
DA:48,1
DA:49,1
DA:50,4
DA:52,2
DA:54,4
DA:55,1
DA:58,1
DA:59,2
DA:60,1
DA:61,1
DA:62,1
DA:63,1
DA:64,1
DA:70,1
DA:71,2
DA:75,1
DA:76,4
DA:77,1
DA:78,2
DA:86,1
DA:87,1
DA:88,1
DA:89,1
DA:90,1
DA:91,1
DA:92,1
DA:96,2
DA:97,4
DA:98,4
DA:99,4
DA:100,4
DA:102,2
DA:104,1
DA:105,2
DA:106,1
DA:107,1
DA:108,1
DA:109,1
DA:110,1
DA:119,1
DA:123,3
DA:125,2
DA:126,1
DA:127,3
DA:131,1
DA:133,1
DA:134,1
DA:135,1
DA:136,1
DA:139,2
DA:141,1
DA:142,1
DA:143,4
DA:145,1
DA:146,3
DA:147,2
DA:152,1
DA:156,2
DA:158,3
LF:71
LH:71
end_of_record
SF:lib\core\network\dio_error_interceptor.dart
DA:4,0
DA:8,0
DA:9,0
DA:11,0
DA:12,0
DA:14,0
DA:16,0
DA:18,0
DA:20,0
DA:29,0
DA:30,0
DA:31,0
DA:33,0
DA:36,0
LF:14
LH:0
end_of_record
SF:lib\features\auth\data\model\user_hive_model.dart
DA:32,0
DA:40,0
DA:42,0
DA:51,0
DA:52,0
DA:53,0
DA:54,0
DA:55,0
DA:56,0
DA:57,0
DA:58,0
DA:59,0
DA:63,0
DA:64,0
DA:65,0
DA:66,0
DA:67,0
DA:68,0
DA:69,0
DA:70,0
DA:71,0
DA:75,0
DA:76,0
DA:79,0
DA:80,0
LF:25
LH:0
end_of_record
SF:lib\features\auth\data\model\user_hive_model.g.dart
DA:13,0
DA:15,0
DA:16,0
DA:17,0
DA:19,0
DA:20,0
DA:21,0
DA:22,0
DA:23,0
DA:24,0
DA:25,0
DA:26,0
DA:30,0
DA:33,0
DA:34,0
DA:35,0
DA:36,0
DA:37,0
DA:38,0
DA:39,0
DA:40,0
DA:41,0
DA:42,0
DA:43,0
DA:44,0
DA:45,0
DA:46,0
DA:47,0
DA:50,0
DA:51,0
DA:53,0
DA:56,0
DA:57,0
DA:58,0
LF:34
LH:0
end_of_record
SF:lib\features\booking\data\model\booking_hive_model.g.dart
DA:13,0
DA:15,0
DA:16,0
DA:17,0
DA:19,0
DA:20,0
DA:21,0
DA:22,0
DA:23,0
DA:24,0
DA:25,0
DA:26,0
DA:27,0
DA:28,0
DA:29,0
DA:30,0
DA:31,0
DA:32,0
DA:33,0
DA:34,0
DA:38,0
DA:41,0
DA:42,0
DA:43,0
DA:44,0
DA:45,0
DA:46,0
DA:47,0
DA:48,0
DA:49,0
DA:50,0
DA:51,0
DA:52,0
DA:53,0
DA:54,0
DA:55,0
DA:56,0
DA:57,0
DA:58,0
DA:59,0
DA:60,0
DA:61,0
DA:62,0
DA:63,0
DA:64,0
DA:65,0
DA:66,0
DA:67,0
DA:68,0
DA:69,0
DA:70,0
DA:71,0
DA:74,0
DA:75,0
DA:77,0
DA:80,0
DA:81,0
DA:82,0
LF:58
LH:0
end_of_record
SF:lib\features\booking\data\model\booking_hive_model.dart
DA:58,0
DA:77,0
DA:78,0
DA:81,0
DA:82,0
DA:85,0
DA:86,0
DA:87,0
DA:89,0
DA:90,0
DA:91,0
DA:92,0
DA:93,0
DA:94,0
DA:95,0
DA:96,0
DA:97,0
DA:98,0
DA:99,0
DA:101,0
DA:102,0
DA:103,0
DA:104,0
DA:108,0
DA:109,0
DA:110,0
DA:111,0
DA:112,0
DA:113,0
DA:114,0
DA:115,0
DA:116,0
DA:117,0
DA:118,0
DA:119,0
DA:120,0
DA:121,0
DA:122,0
DA:123,0
DA:124,0
DA:130,0
DA:131,0
DA:132,0
DA:133,0
DA:135,0
DA:136,0
DA:142,0
DA:143,0
DA:144,0
DA:145,0
DA:146,0
DA:147,0
DA:148,0
DA:149,0
DA:150,0
DA:151,0
DA:152,0
DA:153,0
DA:154,0
DA:155,0
DA:156,0
DA:157,0
DA:162,0
DA:163,0
DA:164,0
DA:165,0
DA:166,0
DA:167,0
DA:168,0
DA:169,0
DA:170,0
DA:171,0
DA:172,0
DA:173,0
DA:174,0
DA:175,0
DA:176,0
DA:177,0
LF:78
LH:0
end_of_record
SF:lib\features\chat\data\model\chat_model.dart
DA:26,0
DA:35,0
DA:36,0
DA:37,0
DA:38,0
DA:39,0
DA:40,0
DA:41,0
DA:42,0
DA:43,0
DA:44,0
DA:45,0
DA:46,0
DA:47,0
DA:49,0
DA:50,0
DA:54,0
DA:55,0
DA:56,0
DA:57,0
DA:58,0
DA:59,0
DA:62,0
DA:63,0
DA:64,0
DA:65,0
DA:68,0
DA:69,0
DA:70,0
DA:71,0
DA:72,0
DA:73,0
DA:74,0
DA:75,0
DA:76,0
DA:91,0
DA:93,0
DA:94,0
DA:95,0
DA:96,0
DA:100,0
DA:101,0
DA:102,0
LF:43
LH:0
end_of_record
SF:lib\features\chat\data\model\chat_model.g.dart
DA:13,0
DA:15,0
DA:16,0
DA:17,0
DA:19,0
DA:20,0
DA:21,0
DA:22,0
DA:23,0
DA:24,0
DA:25,0
DA:29,0
DA:32,0
DA:33,0
DA:34,0
DA:35,0
DA:36,0
DA:37,0
DA:38,0
DA:39,0
DA:40,0
DA:41,0
DA:42,0
DA:43,0
DA:44,0
DA:47,0
DA:48,0
DA:50,0
DA:53,0
DA:54,0
DA:55,0
DA:62,0
DA:64,0
DA:65,0
DA:66,0
DA:68,0
DA:69,0
DA:70,0
DA:74,0
DA:77,0
DA:78,0
DA:79,0
DA:80,0
DA:81,0
DA:84,0
DA:85,0
DA:87,0
DA:90,0
DA:91,0
DA:92,0
LF:50
LH:0
end_of_record
SF:lib\features\chat\data\model\message_model.g.dart
DA:13,0
DA:15,0
DA:16,0
DA:17,0
DA:19,0
DA:20,0
DA:21,0
DA:22,0
DA:23,0
DA:24,0
DA:25,0
DA:26,0
DA:30,0
DA:33,0
DA:34,0
DA:35,0
DA:36,0
DA:37,0
DA:38,0
DA:39,0
DA:40,0
DA:41,0
DA:42,0
DA:43,0
DA:44,0
DA:45,0
DA:46,0
DA:47,0
DA:50,0
DA:51,0
DA:53,0
DA:56,0
DA:57,0
DA:58,0
LF:34
LH:0
end_of_record
SF:lib\features\chat\data\model\message_model.dart
DA:36,0
DA:44,0
DA:54,0
DA:55,0
DA:56,0
DA:57,0
DA:58,0
DA:59,0
DA:60,0
DA:61,0
DA:66,0
DA:67,0
DA:68,0
DA:69,0
DA:70,0
DA:71,0
DA:72,0
DA:73,0
DA:76,0
DA:78,0
DA:79,0
DA:80,0
DA:81,0
DA:82,0
DA:83,0
DA:84,0
DA:85,0
LF:27
LH:0
end_of_record
SF:lib\features\home\data\model\venue_image_model.g.dart
DA:13,0
DA:15,0
DA:16,0
DA:17,0
DA:19,0
DA:20,0
DA:21,0
DA:25,0
DA:28,0
DA:29,0
DA:30,0
DA:31,0
DA:32,0
DA:35,0
DA:36,0
DA:38,0
DA:41,0
DA:42,0
DA:43,0
DA:50,0
DA:51,0
DA:52,0
DA:53,0
DA:56,0
DA:57,0
DA:58,0
DA:59,0
LF:27
LH:0
end_of_record
SF:lib\features\home\data\model\venue_image_model.dart
DA:18,0
DA:21,0
DA:24,0
DA:25,0
DA:26,0
DA:27,0
DA:31,0
DA:33,0
DA:34,0
DA:35,0
DA:36,0
DA:40,0
DA:41,0
LF:13
LH:0
end_of_record
SF:lib\features\home\data\model\venue_location_model.g.dart
DA:13,0
DA:15,0
DA:16,0
DA:17,0
DA:19,0
DA:20,0
DA:21,0
DA:22,0
DA:23,0
DA:27,0
DA:30,0
DA:31,0
DA:32,0
DA:33,0
DA:34,0
DA:35,0
DA:36,0
DA:37,0
DA:38,0
DA:41,0
DA:42,0
DA:44,0
DA:47,0
DA:48,0
DA:49,0
DA:56,0
DA:57,0
DA:58,0
DA:59,0
DA:60,0
DA:61,0
DA:64,0
DA:65,0
DA:66,0
DA:67,0
DA:68,0
DA:69,0
LF:37
LH:0
end_of_record
SF:lib\features\home\data\model\venue_location_model.dart
DA:26,0
DA:31,0
DA:34,0
DA:35,0
DA:36,0
DA:37,0
DA:38,0
DA:39,0
DA:43,0
DA:45,0
DA:46,0
DA:47,0
DA:48,0
DA:49,0
DA:50,0
DA:54,0
DA:55,0
DA:56,0
DA:57,0
DA:58,0
DA:59,0
LF:21
LH:0
end_of_record
SF:lib\features\home\data\model\venue_model.g.dart
DA:13,0
DA:15,0
DA:16,0
DA:17,0
DA:19,0
DA:20,0
DA:21,0
DA:22,0
DA:23,0
DA:24,0
DA:25,0
DA:26,0
DA:27,0
DA:28,0
DA:29,0
DA:30,0
DA:31,0
DA:32,0
DA:36,0
DA:39,0
DA:40,0
DA:41,0
DA:42,0
DA:43,0
DA:44,0
DA:45,0
DA:46,0
DA:47,0
DA:48,0
DA:49,0
DA:50,0
DA:51,0
DA:52,0
DA:53,0
DA:54,0
DA:55,0
DA:56,0
DA:57,0
DA:58,0
DA:59,0
DA:60,0
DA:61,0
DA:62,0
DA:63,0
DA:64,0
DA:65,0
DA:68,0
DA:69,0
DA:71,0
DA:74,0
DA:75,0
DA:76,0
DA:83,0
DA:84,0
DA:85,0
DA:86,0
DA:88,0
DA:89,0
DA:90,0
DA:91,0
DA:92,0
DA:93,0
DA:95,0
DA:96,0
DA:97,0
DA:98,0
DA:99,0
DA:100,0
DA:103,0
DA:104,0
DA:105,0
DA:106,0
DA:107,0
DA:108,0
DA:109,0
DA:110,0
DA:111,0
DA:112,0
DA:113,0
DA:114,0
DA:115,0
DA:116,0
DA:117,0
LF:83
LH:0
end_of_record
SF:lib\features\home\data\model\venue_model.dart
DA:51,0
DA:68,0
DA:69,0
DA:70,0
DA:71,0
DA:72,0
DA:73,0
DA:74,0
DA:75,0
DA:76,0
DA:77,0
DA:78,0
DA:79,0
DA:80,0
DA:81,0
DA:82,0
DA:83,0
DA:84,0
DA:85,0
DA:86,0
DA:87,0
DA:89,0
DA:90,0
DA:91,0
DA:92,0
DA:93,0
DA:94,0
DA:99,0
DA:101,0
DA:102,0
DA:103,0
DA:104,0
DA:105,0
DA:106,0
DA:107,0
DA:109,0
DA:110,0
DA:111,0
DA:112,0
DA:113,0
DA:114,0
DA:115,0
DA:116,0
DA:120,0
DA:121,0
DA:122,0
DA:123,0
DA:124,0
DA:125,0
DA:126,0
DA:127,0
DA:128,0
DA:129,0
DA:130,0
DA:131,0
DA:132,0
DA:133,0
DA:134,0
LF:58
LH:0
end_of_record
SF:lib\features\profile\data\model\user_profile_model.g.dart
DA:13,0
DA:15,0
DA:16,0
DA:17,0
DA:19,0
DA:20,0
DA:21,0
DA:22,0
DA:23,0
DA:24,0
DA:25,0
DA:29,0
DA:32,0
DA:33,0
DA:34,0
DA:35,0
DA:36,0
DA:37,0
DA:38,0
DA:39,0
DA:40,0
DA:41,0
DA:42,0
DA:43,0
DA:44,0
DA:47,0
DA:48,0
DA:50,0
DA:53,0
DA:54,0
DA:55,0
LF:31
LH:0
end_of_record
SF:lib\features\profile\data\model\user_profile_model.dart
DA:26,1
DA:35,0
DA:36,0
DA:37,0
DA:38,0
DA:39,0
DA:40,0
DA:41,0
DA:42,0
DA:46,0
DA:47,0
DA:48,0
DA:49,0
DA:50,0
DA:51,0
DA:52,0
DA:53,0
LF:17
LH:1
end_of_record
SF:lib\core\network\payment_service.dart
DA:7,0
DA:14,0
DA:15,0
DA:17,0
DA:19,0
DA:21,0
DA:29,0
DA:30,0
DA:31,0
DA:32,0
DA:33,0
DA:36,0
LF:12
LH:0
end_of_record
SF:lib\features\chat\domain\entity\message_entity.dart
DA:10,2
LF:1
LH:1
end_of_record
SF:lib\features\auth\data\model\user_api_model.dart
DA:18,0
DA:28,0
DA:29,0
DA:31,0
DA:33,0
DA:34,0
DA:35,0
DA:36,0
DA:37,0
DA:38,0
DA:39,0
DA:40,0
DA:41,0
DA:45,0
DA:46,0
DA:47,0
DA:48,0
DA:49,0
DA:50,0
DA:51,0
DA:52,0
DA:53,0
DA:57,0
DA:58,0
LF:24
LH:0
end_of_record
SF:lib\features\auth\data\model\user_api_model.g.dart
DA:9,0
DA:10,0
DA:11,0
DA:12,0
DA:13,0
DA:14,0
DA:15,0
DA:16,0
DA:19,0
DA:20,0
DA:21,0
DA:22,0
DA:23,0
DA:24,0
DA:25,0
DA:26,0
DA:27,0
LF:17
LH:0
end_of_record
SF:lib\features\auth\presentation\view_model\forget_password_view_model\forget_password_event.dart
DA:9,2
DA:15,2
DA:22,2
LF:3
LH:3
end_of_record
SF:lib\features\auth\presentation\view_model\forget_password_view_model\forget_password_state.dart
DA:9,6
DA:15,4
DA:20,4
DA:21,0
DA:22,4
DA:27,10
DA:29,4
DA:31,16
LF:8
LH:7
end_of_record
SF:lib\features\auth\presentation\view\forget_password_view\reset_password_screen.dart
DA:15,2
DA:21,2
DA:23,2
DA:25,4
DA:26,4
DA:27,4
DA:28,4
DA:30,2
DA:31,2
DA:32,2
DA:34,2
DA:35,2
DA:36,2
DA:37,2
DA:38,2
DA:39,2
DA:54,2
DA:62,2
DA:63,2
DA:69,1
DA:71,4
DA:72,7
DA:73,2
DA:74,2
DA:75,1
DA:80,2
DA:82,2
DA:83,8
DA:84,8
DA:87,2
DA:89,8
DA:90,8
DA:91,2
DA:94,2
DA:96,2
DA:98,2
DA:99,8
DA:101,2
DA:102,4
DA:107,2
DA:108,4
DA:113,2
DA:114,1
DA:115,1
DA:116,2
DA:121,4
DA:123,1
DA:124,1
DA:126,4
DA:129,2
DA:130,2
DA:132,2
DA:134,4
DA:136,1
DA:137,2
DA:138,1
DA:139,2
DA:140,2
DA:141,3
DA:146,2
LF:60
LH:60
end_of_record
SF:lib\features\auth\presentation\view_model\login_view_model\login_event.dart
DA:26,2
LF:1
LH:1
end_of_record
SF:lib\features\auth\presentation\view_model\login_view_model\login_state.dart
DA:10,23
DA:17,2
DA:26,1
DA:32,1
DA:33,0
DA:34,1
DA:36,1
DA:40,1
DA:41,5
LF:9
LH:8
end_of_record
SF:lib\features\auth\presentation\view_model\register_view_model\register_event.dart
DA:21,2
LF:1
LH:1
end_of_record
SF:lib\features\auth\presentation\view_model\register_view_model\register_state.dart
DA:8,23
DA:14,3
DA:20,2
DA:25,2
DA:26,0
DA:27,2
DA:32,1
DA:33,4
LF:8
LH:7
end_of_record
SF:lib\features\booking\presentation\view_model\booking_event.dart
DA:5,0
DA:10,0
LF:2
LH:0
end_of_record
SF:lib\features\booking\presentation\view_model\booking_state.dart
DA:17,20
DA:29,0
DA:40,0
DA:41,0
DA:42,0
DA:43,0
DA:44,0
DA:45,0
DA:46,0
DA:47,0
DA:48,0
DA:49,0
DA:53,0
DA:54,0
DA:55,0
DA:56,0
DA:57,0
DA:58,0
DA:59,0
DA:60,0
DA:61,0
DA:62,0
DA:63,0
LF:23
LH:1
end_of_record
SF:lib\features\chat\domain\entity\chat_entity.dart
DA:14,2
DA:25,1
DA:26,1
DA:27,1
DA:28,1
DA:29,1
DA:30,1
DA:31,1
DA:32,1
DA:33,1
DA:34,1
LF:11
LH:11
end_of_record
SF:lib\features\chat\presentation\view_model\chat_list_event.dart
DA:7,1
DA:8,0
DA:9,0
DA:15,1
DA:17,0
DA:18,0
DA:23,1
DA:25,0
DA:26,0
LF:9
LH:3
end_of_record
SF:lib\features\chat\presentation\view_model\chat_list_state.dart
DA:5,1
DA:6,1
DA:7,1
DA:16,1
DA:18,1
DA:19,2
DA:24,1
DA:26,1
DA:27,2
DA:32,1
DA:34,1
DA:35,2
LF:12
LH:12
end_of_record
SF:lib\features\chat\presentation\view_model\chat_message_event.dart
DA:5,3
DA:6,0
DA:7,0
DA:12,2
DA:14,1
DA:15,2
DA:20,1
DA:22,0
DA:23,0
LF:9
LH:5
end_of_record
SF:lib\features\chat\presentation\view_model\chat_message_state.dart
DA:5,3
DA:6,1
DA:7,1
DA:16,2
DA:18,1
DA:19,2
DA:24,2
DA:26,1
DA:27,2
LF:9
LH:9
end_of_record
SF:lib\features\common\presentation\view_model\venue_details_event.dart
DA:4,0
DA:5,0
DA:11,1
DA:13,0
DA:14,0
LF:5
LH:1
end_of_record
SF:lib\features\common\presentation\view_model\venue_details_state.dart
DA:5,1
DA:6,1
DA:16,1
DA:18,1
DA:19,2
DA:25,1
DA:27,1
DA:28,2
LF:8
LH:8
end_of_record
SF:lib\features\home\presentation\view_model\home_screen_event.dart
DA:9,1
DA:11,0
DA:12,0
DA:27,1
DA:29,1
DA:30,2
LF:6
LH:4
end_of_record
SF:lib\features\home\presentation\view_model\home_screen_state.dart
DA:5,2
DA:7,0
DA:8,0
DA:22,1
DA:30,0
DA:31,0
DA:32,0
DA:33,0
DA:34,0
DA:35,0
DA:36,0
DA:44,1
LF:12
LH:3
end_of_record
SF:lib\features\home\presentation\view_model\search_event.dart
DA:9,1
DA:20,1
LF:2
LH:2
end_of_record
SF:lib\features\home\presentation\view_model\search_state.dart
DA:5,1
DA:7,1
DA:18,1
DA:19,1
DA:20,3
DA:25,1
DA:26,1
DA:27,2
LF:8
LH:8
end_of_record
SF:lib\features\notification\data\model\notification_model.dart
DA:10,0
DA:18,0
DA:19,0
DA:20,0
DA:21,0
DA:22,0
DA:23,0
DA:25,0
DA:26,0
DA:27,0
DA:31,0
DA:32,0
DA:33,0
DA:34,0
DA:35,0
DA:36,0
DA:37,0
LF:17
LH:0
end_of_record
SF:lib\features\notification\domain\entity\notification_entity.dart
DA:10,2
DA:18,1
DA:20,1
DA:21,1
DA:22,1
DA:23,1
DA:24,1
DA:25,1
LF:8
LH:8
end_of_record
SF:lib\features\notification\presentation\view_model\notification_event.dart
DA:4,2
DA:6,0
DA:7,0
DA:15,2
DA:17,0
DA:18,0
LF:6
LH:2
end_of_record
SF:lib\features\notification\presentation\view_model\notification_state.dart
DA:5,3
DA:7,1
DA:8,1
DA:18,2
DA:20,1
DA:21,2
DA:27,2
DA:29,1
DA:30,2
LF:9
LH:9
end_of_record
SF:lib\features\profile\domain\entity\user_profile_entity.dart
DA:9,0
LF:1
LH:0
end_of_record
SF:lib\features\profile\domain\use_case\update_profile_params.dart
DA:10,1
LF:1
LH:1
end_of_record
SF:lib\features\profile\presentation\view_model\profile_event.dart
DA:14,1
LF:1
LH:1
end_of_record
SF:lib\features\profile\presentation\view_model\profile_state.dart
DA:14,21
DA:26,1
DA:38,1
DA:49,1
DA:50,1
DA:51,1
DA:52,1
DA:53,1
DA:54,1
DA:55,1
DA:56,1
DA:57,1
DA:62,1
DA:64,10
LF:14
LH:14
end_of_record
SF:lib\core\common\common_text_form_field.dart
DA:13,2
DA:24,2
DA:26,2
DA:27,2
DA:28,2
DA:29,2
DA:30,2
DA:31,2
DA:32,2
DA:33,6
DA:34,4
LF:11
LH:11
end_of_record
SF:lib\features\auth\presentation\view\login_view.dart
DA:14,8
DA:19,2
DA:21,2
DA:22,2
DA:24,2
DA:26,2
DA:27,2
DA:29,2
DA:31,2
DA:32,4
DA:57,2
DA:62,1
DA:65,2
DA:71,1
DA:74,2
DA:76,2
DA:77,1
DA:78,1
DA:80,3
DA:90,2
DA:91,2
DA:92,2
DA:94,2
DA:96,2
DA:98,1
DA:99,2
DA:100,1
DA:101,2
DA:102,1
DA:106,2
DA:109,2
DA:110,2
DA:114,2
DA:136,2
DA:138,2
DA:140,2
DA:141,1
DA:142,1
DA:144,1
DA:146,2
DA:147,1
LF:41
LH:41
end_of_record
SF:lib\features\auth\presentation\view\register_wrapper.dart
DA:15,1
DA:17,1
DA:19,1
DA:20,2
DA:21,0
DA:22,1
DA:23,1
DA:24,2
DA:25,0
DA:31,0
DA:32,0
DA:33,0
DA:35,1
DA:36,1
DA:37,1
DA:38,0
DA:40,0
LF:17
LH:10
end_of_record
SF:lib\core\common\favorite_venue_card.dart
DA:11,1
DA:18,1
DA:20,1
DA:22,1
DA:24,1
DA:25,1
DA:26,1
DA:27,1
DA:33,1
DA:34,1
DA:35,1
DA:36,1
DA:38,1
DA:40,1
DA:42,1
DA:46,1
DA:47,1
DA:49,1
DA:50,1
DA:52,1
DA:54,1
DA:56,1
DA:62,1
DA:70,1
DA:71,1
DA:74,1
DA:75,1
DA:76,1
DA:79,3
DA:82,1
DA:83,1
DA:85,3
DA:86,0
DA:87,0
DA:88,0
DA:89,0
DA:90,0
DA:96,0
DA:97,0
DA:103,0
DA:104,0
DA:107,0
DA:112,0
DA:113,0
DA:114,0
DA:116,0
DA:117,0
DA:128,1
DA:133,1
DA:134,1
DA:137,1
DA:138,1
DA:139,1
DA:142,3
DA:149,1
DA:150,1
DA:152,1
DA:153,1
DA:154,2
DA:164,1
DA:165,1
DA:166,2
DA:168,1
DA:170,1
DA:172,1
DA:177,1
DA:179,2
DA:187,1
DA:188,1
DA:189,1
DA:190,1
DA:191,1
DA:192,1
DA:193,2
DA:195,1
DA:196,1
DA:197,7
DA:198,1
DA:200,1
DA:211,1
DA:212,1
DA:213,2
DA:215,1
DA:216,3
DA:217,1
DA:219,1
DA:229,1
DA:230,4
DA:231,4
DA:233,1
DA:234,1
DA:235,1
DA:236,0
DA:239,0
DA:240,0
DA:241,0
DA:243,0
DA:245,0
DA:247,0
DA:253,1
DA:254,0
DA:256,0
DA:257,0
DA:258,0
DA:260,0
DA:261,0
DA:262,0
DA:264,0
DA:273,1
DA:274,1
DA:275,1
DA:276,1
DA:277,1
DA:279,1
DA:280,1
DA:281,4
DA:295,1
DA:296,1
DA:298,1
DA:299,1
DA:300,1
DA:302,1
DA:303,1
LF:123
LH:93
end_of_record
SF:lib\core\utils\url_utils.dart
DA:5,0
DA:6,0
DA:9,0
DA:10,0
LF:4
LH:0
end_of_record
SF:lib\core\common\venue_card.dart
DA:14,0
DA:23,0
DA:25,0
DA:27,0
DA:28,0
DA:29,0
DA:30,0
DA:31,0
DA:37,0
DA:39,0
DA:40,0
DA:42,0
DA:44,0
DA:47,0
DA:49,0
DA:51,0
DA:52,0
DA:54,0
DA:56,0
DA:58,0
DA:60,0
DA:70,0
DA:71,0
DA:73,0
DA:78,0
DA:81,0
DA:82,0
DA:83,0
DA:87,0
DA:88,0
DA:90,0
DA:96,0
DA:97,0
DA:98,0
DA:99,0
DA:105,0
DA:106,0
DA:112,0
DA:116,0
DA:119,0
DA:121,0
DA:123,0
DA:124,0
DA:125,0
DA:126,0
DA:128,0
DA:129,0
DA:141,0
DA:142,0
DA:145,0
DA:147,0
DA:148,0
DA:149,0
DA:151,0
DA:153,0
DA:160,0
DA:161,0
DA:177,0
DA:178,0
DA:181,0
DA:182,0
DA:185,0
DA:192,0
DA:193,0
DA:195,0
DA:196,0
DA:197,0
DA:199,0
DA:200,0
DA:201,0
DA:210,0
DA:211,0
DA:212,0
DA:214,0
DA:216,0
DA:218,0
DA:227,0
DA:229,0
DA:231,0
DA:232,0
DA:233,0
DA:234,0
DA:236,0
DA:237,0
DA:238,0
DA:239,0
DA:249,0
DA:250,0
DA:251,0
DA:252,0
DA:253,0
DA:254,0
DA:255,0
DA:257,0
DA:258,0
DA:259,0
DA:260,0
DA:262,0
DA:271,0
DA:273,0
DA:274,0
DA:275,0
DA:277,0
DA:279,0
DA:280,0
DA:282,0
DA:283,0
DA:284,0
DA:286,0
DA:297,0
DA:298,0
DA:302,0
DA:303,0
DA:304,0
DA:306,0
DA:315,0
DA:316,0
DA:317,0
DA:319,0
DA:321,0
DA:322,0
DA:324,0
DA:327,0
DA:331,0
DA:334,0
DA:335,0
DA:336,0
DA:337,0
DA:342,0
DA:343,0
DA:344,0
DA:346,0
DA:347,0
DA:348,0
DA:350,0
DA:361,0
DA:362,0
DA:364,0
DA:365,0
DA:366,0
DA:368,0
DA:370,0
DA:372,0
DA:379,0
DA:380,0
DA:381,0
DA:382,0
DA:383,0
DA:385,0
DA:386,0
DA:388,0
DA:390,0
DA:395,0
DA:396,0
DA:404,0
DA:406,0
DA:408,0
DA:416,0
DA:417,0
DA:418,0
DA:419,0
DA:420,0
DA:427,0
DA:428,0
DA:442,0
DA:443,0
DA:444,0
DA:445,0
DA:451,0
DA:452,0
LF:170
LH:0
end_of_record
SF:lib\core\snackbar\my_snackbar.dart
DA:3,0
DA:8,0
DA:9,0
DA:10,0
LF:4
LH:0
end_of_record
SF:lib\core\utils\secure_action_handler.dart
DA:9,0
DA:13,0
DA:16,0
DA:20,0
DA:23,0
DA:24,0
DA:25,0
DA:28,0
DA:29,0
DA:32,0
DA:33,0
DA:40,0
DA:42,0
DA:44,0
DA:49,0
DA:50,0
DA:53,0
DA:56,0
DA:65,0
DA:66,0
DA:67,0
DA:68,0
DA:69,0
DA:71,0
DA:74,0
DA:78,0
DA:79,0
DA:81,0
DA:85,0
DA:87,0
DA:92,0
DA:93,0
DA:94,0
DA:97,0
DA:98,0
DA:99,0
DA:100,0
DA:102,0
DA:115,0
DA:116,0
DA:117,0
DA:119,0
DA:121,0
DA:123,0
DA:124,0
DA:127,0
DA:128,0
DA:130,0
LF:48
LH:0
end_of_record
SF:lib\features\auth\presentation\view\login_wrapper.dart
DA:14,18
DA:16,1
DA:18,1
DA:19,2
DA:20,3
DA:22,1
DA:23,0
DA:24,0
DA:25,0
DA:26,0
DA:27,0
DA:35,0
DA:36,0
DA:43,0
DA:45,0
DA:46,0
DA:47,0
DA:51,0
DA:55,0
DA:56,0
DA:57,0
LF:21
LH:6
end_of_record
SF:lib\features\common\presentation\view\venure_main_screen.dart
DA:23,12
DA:25,0
DA:26,0
DA:38,0
DA:40,0
DA:41,0
DA:42,0
DA:46,0
DA:47,0
DA:51,0
DA:53,0
DA:61,0
DA:63,0
DA:64,0
DA:65,0
DA:68,0
DA:69,0
DA:70,0
DA:71,0
DA:76,0
DA:77,0
DA:82,0
DA:84,0
DA:85,0
DA:86,0
DA:87,0
DA:88,0
DA:90,0
DA:92,0
DA:93,0
DA:94,0
DA:96,0
DA:98,0
DA:100,0
DA:102,0
DA:103,0
DA:104,0
DA:105,0
DA:108,0
DA:109,0
DA:110,0
DA:111,0
DA:112,0
DA:114,0
DA:115,0
DA:117,0
DA:119,0
DA:129,0
DA:130,0
DA:131,0
DA:136,0
DA:141,0
DA:146,0
DA:153,0
DA:154,0
DA:155,0
DA:160,0
DA:161,0
DA:162,0
DA:167,0
DA:168,0
DA:171,0
DA:176,0
DA:177,0
DA:178,0
DA:180,0
DA:182,0
DA:184,0
DA:185,0
DA:186,0
DA:188,0
DA:191,0
DA:204,0
DA:210,0
DA:212,0
DA:215,0
DA:217,0
DA:220,0
DA:221,0
DA:228,0
DA:231,0
DA:233,0
DA:235,0
DA:239,0
DA:240,0
DA:250,0
DA:253,0
DA:254,0
DA:263,0
DA:268,0
DA:270,0
DA:273,0
DA:274,0
DA:275,0
DA:280,0
DA:294,0
LF:96
LH:1
end_of_record
SF:lib\features\common\presentation\view_model\navigation_cubit.dart
DA:4,0
DA:6,0
LF:2
LH:0
end_of_record
SF:lib\features\auth\presentation\view\register_view.dart
DA:10,7
DA:15,2
DA:17,2
DA:18,2
DA:19,2
DA:20,2
DA:21,2
DA:23,2
DA:24,2
DA:25,2
DA:27,2
DA:28,2
DA:30,2
DA:32,2
DA:34,2
DA:35,2
DA:36,2
DA:69,2
DA:75,2
DA:76,1
DA:80,2
DA:86,1
DA:87,1
DA:90,1
DA:94,2
DA:100,1
DA:101,2
DA:104,1
DA:108,2
DA:115,1
DA:116,2
DA:117,1
DA:122,2
DA:124,2
DA:126,2
DA:128,1
DA:129,2
DA:130,2
DA:131,1
DA:132,1
DA:133,1
DA:134,1
DA:135,1
DA:137,1
DA:138,2
DA:144,2
DA:147,2
DA:148,2
DA:152,2
DA:174,2
DA:176,2
DA:181,2
DA:182,1
DA:183,1
DA:185,1
DA:186,1
LF:56
LH:56
end_of_record
SF:lib\features\booking\presentation\view\addons_page.dart
DA:13,1
DA:20,1
DA:21,1
DA:33,1
DA:35,1
DA:36,4
DA:39,1
DA:40,2
DA:42,2
DA:44,6
DA:49,1
DA:50,5
DA:53,1
DA:55,1
DA:56,1
DA:57,1
DA:69,1
DA:70,1
DA:72,2
DA:73,1
DA:74,1
DA:75,2
DA:76,2
DA:77,4
DA:79,1
DA:80,1
DA:82,1
DA:83,1
DA:85,1
DA:87,2
DA:89,1
DA:90,1
DA:97,1
DA:98,3
DA:109,1
DA:111,1
DA:112,1
DA:113,1
DA:114,1
DA:115,2
DA:116,1
DA:119,1
DA:120,1
DA:134,1
DA:135,1
DA:136,1
DA:137,1
DA:140,1
DA:141,1
LF:49
LH:49
end_of_record
SF:lib\features\booking\presentation\view\booking_details_page.dart
DA:8,0
DA:14,0
DA:15,0
DA:33,0
DA:34,0
DA:53,0
DA:55,0
DA:56,0
DA:57,0
DA:58,0
DA:59,0
DA:60,0
DA:62,0
DA:63,0
DA:64,0
DA:65,0
DA:66,0
DA:70,0
DA:71,0
DA:72,0
DA:73,0
DA:74,0
DA:76,0
DA:77,0
DA:78,0
DA:79,0
DA:91,0
DA:92,0
DA:97,0
DA:98,0
DA:99,0
DA:100,0
DA:101,0
DA:102,0
DA:104,0
DA:105,0
DA:106,0
DA:107,0
DA:108,0
DA:109,0
DA:110,0
DA:113,0
DA:114,0
DA:120,0
DA:128,0
DA:129,0
DA:131,0
DA:133,0
DA:134,0
DA:135,0
DA:136,0
DA:140,0
DA:141,0
DA:147,0
DA:154,0
DA:155,0
DA:156,0
DA:157,0
DA:160,0
DA:161,0
DA:162,0
DA:165,0
DA:166,0
DA:167,0
DA:169,0
DA:170,0
DA:171,0
DA:180,0
DA:181,0
DA:183,0
DA:184,0
DA:186,0
DA:193,0
DA:194,0
DA:196,0
DA:197,0
DA:199,0
DA:206,0
DA:213,0
DA:228,0
DA:231,0
DA:240,0
DA:242,0
DA:243,0
DA:252,0
DA:263,0
DA:266,0
DA:268,0
DA:271,0
DA:272,0
DA:275,0
DA:276,0
DA:279,0
DA:280,0
DA:285,0
DA:287,0
DA:295,0
DA:297,0
DA:305,0
DA:307,0
DA:308,0
DA:309,0
DA:311,0
DA:313,0
DA:315,0
DA:322,0
DA:324,0
DA:330,0
DA:331,0
DA:333,0
DA:334,0
DA:336,0
DA:342,0
DA:343,0
DA:344,0
DA:345,0
DA:346,0
DA:347,0
DA:348,0
DA:349,0
DA:350,0
DA:354,0
DA:363,0
DA:364,0
DA:366,0
DA:367,0
DA:368,0
DA:369,0
DA:370,0
DA:372,0
DA:382,0
DA:387,0
DA:389,0
DA:390,0
DA:392,0
DA:393,0
DA:400,0
DA:401,0
DA:414,0
DA:415,0
DA:417,0
DA:421,0
DA:422,0
DA:423,0
DA:424,0
DA:425,0
DA:426,0
DA:435,0
DA:441,0
DA:442,0
DA:443,0
DA:445,0
DA:453,0
DA:454,0
DA:456,0
DA:458,0
DA:463,0
DA:466,0
DA:467,0
DA:468,0
DA:472,0
DA:473,0
DA:477,0
DA:479,0
DA:488,0
DA:490,0
DA:491,0
DA:492,0
LF:168
LH:0
end_of_record
SF:lib\features\booking\presentation\widget\premium_dropdown.dart
DA:5,0
DA:30,0
DA:32,0
DA:34,0
DA:35,0
DA:36,0
DA:37,0
DA:40,0
DA:44,0
DA:45,0
DA:47,0
DA:48,0
DA:50,0
DA:53,0
DA:54,0
DA:55,0
DA:57,0
DA:58,0
DA:59,0
DA:61,0
DA:62,0
DA:63,0
DA:66,0
DA:72,0
DA:74,0
DA:78,0
DA:79,0
DA:80,0
DA:82,0
DA:83,0
DA:84,0
DA:86,0
LF:32
LH:0
end_of_record
SF:lib\features\booking\presentation\view\main_booking_page.dart
DA:21,0
DA:29,0
DA:31,0
DA:33,0
DA:34,0
DA:35,0
DA:36,0
DA:37,0
DA:41,0
DA:42,0
DA:43,0
DA:45,0
DA:46,0
DA:47,0
DA:48,0
DA:49,0
DA:50,0
DA:51,0
DA:52,0
DA:55,0
DA:56,0
DA:57,0
DA:58,0
DA:60,0
DA:61,0
DA:64,0
DA:65,0
DA:67,0
DA:69,0
DA:70,0
DA:71,0
DA:72,0
DA:77,0
DA:78,0
DA:79,0
DA:80,0
DA:81,0
DA:83,0
DA:84,0
DA:87,0
DA:88,0
DA:89,0
DA:90,0
DA:93,0
DA:94,0
DA:97,0
DA:99,0
DA:100,0
DA:101,0
DA:103,0
DA:104,0
DA:107,0
DA:108,0
DA:109,0
DA:114,0
DA:115,0
LF:56
LH:0
end_of_record
SF:lib\features\booking\presentation\view\payment_page.dart
DA:14,0
DA:22,0
DA:24,0
DA:26,0
DA:27,0
DA:28,0
DA:30,0
DA:31,0
DA:34,0
DA:36,0
DA:38,0
DA:40,0
DA:52,0
DA:54,0
DA:58,0
DA:59,0
DA:64,0
DA:65,0
DA:70,0
DA:73,0
DA:77,0
DA:78,0
DA:83,0
DA:84,0
DA:89,0
DA:92,0
DA:93,0
DA:94,0
DA:96,0
DA:97,0
DA:108,0
DA:109,0
DA:110,0
DA:111,0
DA:112,0
DA:113,0
DA:116,0
DA:117,0
DA:131,0
DA:132,0
DA:133,0
DA:134,0
DA:136,0
DA:137,0
DA:138,0
DA:141,0
DA:143,0
DA:146,0
DA:147,0
LF:49
LH:0
end_of_record
SF:lib\features\chat\presentation\view\chat_list_view.dart
DA:14,6
DA:16,0
DA:18,0
DA:19,0
DA:22,0
DA:23,0
DA:26,0
DA:27,0
DA:28,0
DA:33,0
DA:36,0
DA:38,0
DA:39,0
DA:40,0
DA:41,0
DA:44,0
DA:45,0
DA:47,0
DA:48,0
DA:51,0
DA:52,0
DA:53,0
DA:54,0
DA:55,0
DA:59,0
DA:61,0
DA:63,0
DA:66,0
DA:69,0
DA:70,0
DA:71,0
DA:77,0
DA:78,0
DA:87,0
DA:100,0
DA:101,0
DA:102,0
DA:104,0
DA:105,0
DA:108,0
DA:111,0
DA:113,0
DA:116,0
DA:120,0
DA:122,0
DA:130,0
DA:135,0
DA:136,0
DA:138,0
DA:139,0
DA:141,0
DA:143,0
DA:146,0
DA:150,0
DA:152,0
DA:156,0
DA:157,0
DA:158,0
DA:159,0
DA:160,0
DA:172,0
DA:177,0
DA:178,0
DA:179,0
DA:180,0
DA:182,0
DA:184,0
DA:185,0
DA:186,0
DA:188,0
DA:189,0
DA:191,0
DA:193,0
DA:194,0
DA:195,0
DA:196,0
DA:197,0
DA:205,0
DA:206,0
DA:208,0
DA:209,0
DA:211,0
DA:212,0
DA:213,0
DA:215,0
DA:221,0
DA:222,0
DA:228,0
DA:232,0
DA:233,0
DA:237,0
DA:241,0
DA:242,0
DA:257,0
DA:258,0
DA:260,0
DA:262,0
DA:263,0
DA:264,0
DA:267,0
DA:269,0
DA:270,0
DA:279,0
DA:280,0
DA:282,0
DA:283,0
DA:284,0
DA:287,0
DA:290,0
DA:291,0
DA:293,0
DA:295,0
DA:297,0
DA:298,0
DA:299,0
DA:300,0
DA:301,0
DA:302,0
DA:303,0
DA:304,0
DA:305,0
DA:307,0
LF:122
LH:1
end_of_record
SF:lib\features\chat\presentation\view\chat_screen.dart
DA:15,1
DA:23,1
DA:25,4
DA:27,1
DA:28,1
DA:32,1
DA:33,1
DA:34,1
DA:35,1
DA:36,1
DA:37,1
DA:41,1
DA:42,3
DA:44,1
DA:48,1
DA:51,1
DA:52,1
DA:53,1
DA:54,3
DA:56,1
DA:61,1
DA:62,1
DA:63,3
DA:71,1
DA:72,1
DA:73,1
DA:74,1
LF:27
LH:27
end_of_record
SF:lib\features\chat\presentation\widgets\message_bubble.dart
DA:8,1
DA:10,1
DA:12,1
DA:13,1
DA:14,1
DA:17,1
DA:18,3
DA:19,1
DA:21,1
DA:22,2
DA:23,2
LF:11
LH:11
end_of_record
SF:lib\features\chat\presentation\widgets\message_input_field.dart
DA:12,1
DA:19,1
DA:20,1
DA:26,1
DA:28,2
DA:29,1
DA:32,0
DA:33,0
DA:34,0
DA:36,0
DA:37,0
DA:38,0
DA:39,0
DA:40,0
DA:42,0
DA:46,0
DA:47,0
DA:48,0
DA:49,0
DA:50,0
DA:54,0
DA:58,1
DA:60,1
DA:62,1
DA:63,1
DA:64,1
DA:65,1
DA:66,1
DA:73,1
DA:75,1
LF:30
LH:15
end_of_record
SF:lib\features\common\presentation\view\favorites_page.dart
DA:10,7
DA:12,1
DA:14,1
DA:15,1
DA:16,1
DA:29,1
DA:30,1
DA:31,1
DA:39,1
DA:40,1
DA:41,1
DA:43,1
DA:44,1
DA:47,1
DA:50,1
DA:52,1
DA:55,1
DA:59,1
DA:60,1
DA:61,1
DA:63,1
DA:72,1
DA:73,1
DA:74,5
DA:75,1
DA:77,1
DA:78,1
DA:81,1
DA:82,1
DA:84,1
DA:88,1
DA:89,4
DA:90,1
DA:93,1
DA:99,1
DA:100,1
DA:102,1
DA:103,1
DA:104,1
DA:105,1
DA:106,2
DA:108,1
DA:109,1
DA:110,2
DA:112,1
DA:113,2
DA:114,2
DA:116,2
DA:117,1
DA:118,1
DA:119,2
DA:124,1
DA:125,1
DA:130,1
DA:132,1
DA:133,2
DA:134,2
DA:137,1
DA:138,4
DA:158,1
DA:159,1
DA:160,1
DA:162,1
DA:163,1
DA:165,1
DA:166,1
DA:169,1
DA:172,1
DA:185,1
DA:187,1
DA:189,1
DA:194,1
DA:195,1
DA:196,2
DA:198,1
DA:202,1
DA:203,1
DA:220,1
DA:221,1
DA:225,1
DA:227,1
DA:251,1
DA:252,1
DA:254,1
DA:255,1
DA:256,1
DA:257,1
DA:266,1
DA:267,1
DA:268,1
DA:270,1
DA:273,1
DA:274,1
DA:275,3
DA:276,1
DA:278,1
DA:279,1
DA:284,1
DA:285,3
LF:99
LH:99
end_of_record
SF:lib\features\common\presentation\view\venue_details_page.dart
DA:25,0
DA:27,0
DA:29,0
DA:30,0
DA:32,0
DA:33,0
DA:34,0
DA:35,0
DA:36,0
DA:37,0
DA:38,0
DA:39,0
DA:40,0
DA:41,0
DA:44,0
DA:46,0
DA:48,0
DA:50,0
DA:52,0
DA:53,0
DA:55,0
DA:56,0
DA:57,0
DA:60,0
DA:65,0
DA:66,0
DA:68,0
DA:73,0
DA:74,0
DA:75,0
DA:77,0
DA:78,0
DA:79,0
DA:82,0
DA:84,0
DA:87,0
DA:89,0
DA:90,0
DA:99,0
DA:104,0
DA:106,0
DA:107,0
DA:109,0
DA:112,0
DA:113,0
DA:115,0
DA:116,0
DA:117,0
DA:119,0
DA:121,0
DA:124,0
DA:125,0
DA:127,0
DA:128,0
DA:129,0
DA:133,0
DA:134,0
DA:139,0
DA:140,0
DA:141,0
DA:142,0
DA:148,0
DA:150,0
DA:152,0
DA:154,0
DA:158,0
DA:162,0
DA:163,0
DA:164,0
DA:167,0
DA:168,0
DA:170,0
DA:173,0
DA:175,0
DA:185,0
DA:186,0
DA:187,0
DA:188,0
DA:195,0
DA:196,0
DA:197,0
DA:198,0
DA:200,0
DA:201,0
DA:202,0
DA:205,0
DA:206,0
DA:210,0
DA:211,0
DA:220,0
DA:221,0
DA:224,0
DA:229,0
DA:230,0
DA:231,0
DA:233,0
DA:234,0
DA:249,0
DA:250,0
DA:252,0
DA:253,0
DA:254,0
DA:255,0
DA:257,0
DA:261,0
DA:262,0
DA:263,0
DA:265,0
DA:266,0
DA:267,0
DA:268,0
DA:269,0
DA:276,0
DA:277,0
DA:278,0
DA:280,0
DA:282,0
DA:299,0
DA:300,0
DA:301,0
DA:302,0
DA:303,0
DA:306,0
DA:312,0
DA:313,0
DA:316,0
DA:325,0
DA:332,0
DA:334,0
DA:335,0
DA:336,0
DA:337,0
DA:339,0
DA:341,0
DA:342,0
DA:344,0
DA:346,0
DA:347,0
DA:351,0
DA:353,0
DA:363,0
DA:364,0
DA:366,0
DA:367,0
DA:369,0
DA:374,0
DA:375,0
DA:376,0
DA:378,0
DA:386,0
DA:387,0
DA:389,0
DA:390,0
DA:392,0
DA:397,0
DA:401,0
DA:402,0
DA:407,0
DA:408,0
DA:409,0
DA:411,0
DA:413,0
DA:414,0
DA:415,0
DA:417,0
DA:420,0
DA:422,0
DA:423,0
DA:430,0
DA:437,0
DA:443,0
DA:444,0
DA:445,0
DA:447,0
DA:448,0
DA:449,0
DA:450,0
DA:452,0
DA:453,0
DA:454,0
DA:455,0
DA:456,0
DA:461,0
DA:462,0
DA:463,0
DA:465,0
DA:466,0
DA:470,0
DA:472,0
DA:474,0
DA:480,0
DA:482,0
DA:483,0
DA:484,0
DA:485,0
DA:487,0
DA:490,0
DA:492,0
DA:493,0
DA:495,0
DA:496,0
DA:498,0
DA:500,0
DA:501,0
DA:503,0
DA:513,0
DA:514,0
DA:515,0
DA:517,0
DA:519,0
DA:521,0
DA:522,0
DA:524,0
DA:525,0
DA:527,0
DA:528,0
DA:530,0
LF:217
LH:0
end_of_record
SF:lib\features\home\presentation\view\home_screen_wrapper.dart
DA:5,6
DA:7,0
LF:2
LH:1
end_of_record
SF:lib\features\profile\presentation\view\profile_screen.dart
DA:14,6
DA:16,0
DA:17,0
DA:27,0
DA:28,0
DA:29,0
DA:31,0
DA:34,0
DA:35,0
DA:36,0
DA:39,0
DA:40,0
DA:47,0
DA:48,0
DA:52,0
DA:54,0
DA:56,0
DA:57,0
DA:58,0
DA:59,0
DA:62,0
DA:63,0
DA:64,0
DA:65,0
DA:70,0
DA:72,0
DA:73,0
DA:76,0
DA:78,0
DA:80,0
DA:82,0
DA:83,0
DA:84,0
DA:85,0
DA:86,0
DA:87,0
DA:91,0
DA:92,0
DA:93,0
DA:97,0
DA:99,0
DA:100,0
DA:101,0
DA:103,0
DA:107,0
DA:117,0
DA:118,0
DA:120,0
DA:126,0
DA:128,0
DA:131,0
DA:137,0
DA:138,0
DA:140,0
DA:142,0
DA:143,0
DA:144,0
DA:147,0
DA:148,0
DA:149,0
DA:151,0
DA:152,0
DA:154,0
DA:155,0
DA:160,0
DA:175,0
DA:176,0
DA:178,0
DA:184,0
DA:185,0
DA:186,0
DA:187,0
DA:188,0
DA:195,0
DA:196,0
DA:197,0
DA:198,0
DA:199,0
DA:201,0
DA:202,0
DA:205,0
DA:208,0
LF:82
LH:1
end_of_record
SF:lib\features\home\presentation\view\home_screen_view.dart
DA:9,6
DA:19,0
DA:21,0
DA:23,0
DA:24,0
DA:25,0
DA:26,0
DA:27,0
DA:28,0
DA:30,0
DA:38,0
DA:48,0
DA:49,0
DA:54,0
DA:55,0
DA:63,0
DA:65,0
DA:67,0
DA:68,0
DA:79,0
LF:20
LH:1
end_of_record
SF:lib\features\home\presentation\widgets\featured_carasoul.dart
DA:5,0
DA:16,0
DA:18,0
DA:19,0
DA:24,0
DA:31,0
DA:33,0
DA:34,0
DA:36,0
DA:38,0
DA:41,0
DA:47,0
DA:49,0
DA:50,0
DA:51,0
DA:52,0
DA:53,0
DA:55,0
DA:56,0
DA:57,0
DA:58,0
DA:59,0
DA:65,0
DA:66,0
DA:67,0
DA:69,0
DA:70,0
DA:71,0
DA:72,0
DA:73,0
DA:76,0
DA:78,0
DA:83,0
DA:87,0
DA:89,0
DA:90,0
DA:91,0
DA:92,0
DA:95,0
DA:100,0
DA:101,0
DA:102,0
DA:105,0
DA:112,0
DA:115,0
DA:120,0
DA:121,0
DA:122,0
DA:124,0
DA:126,0
DA:127,0
LF:51
LH:0
end_of_record
SF:lib\features\home\presentation\widgets\header_top_row.dart
DA:9,0
DA:13,0
DA:15,0
DA:17,0
DA:18,0
DA:20,0
DA:23,0
DA:27,0
DA:28,0
DA:29,0
DA:31,0
DA:33,0
DA:35,0
DA:36,0
DA:37,0
DA:43,0
DA:45,0
DA:46,0
DA:47,0
DA:48,0
DA:50,0
DA:52,0
LF:22
LH:0
end_of_record
SF:lib\features\home\presentation\widgets\premium_search_bar.dart
DA:10,0
DA:25,0
DA:27,0
DA:28,0
DA:29,0
DA:30,0
DA:32,0
DA:33,0
DA:34,0
DA:35,0
DA:42,0
DA:44,0
DA:45,0
DA:46,0
DA:47,0
DA:48,0
DA:49,0
DA:55,0
DA:57,0
DA:58,0
DA:60,0
DA:63,0
DA:65,0
DA:66,0
DA:71,0
DA:72,0
DA:75,0
DA:76,0
DA:77,0
DA:79,0
DA:81,0
LF:31
LH:0
end_of_record
SF:lib\features\home\presentation\widgets\top_pick_section.dart
DA:15,0
DA:24,0
DA:26,0
DA:27,0
DA:28,0
DA:30,0
DA:31,0
DA:32,0
DA:33,0
DA:34,0
DA:36,0
DA:40,0
DA:42,0
DA:43,0
DA:45,0
DA:47,0
DA:50,0
DA:58,0
DA:62,0
DA:63,0
DA:64,0
DA:65,0
DA:67,0
DA:68,0
DA:71,0
DA:72,0
DA:73,0
DA:76,0
DA:77,0
DA:78,0
DA:80,0
DA:81,0
DA:82,0
DA:83,0
DA:84,0
DA:89,0
DA:90,0
DA:91,0
DA:92,0
DA:94,0
DA:95,0
DA:96,0
DA:97,0
DA:99,0
DA:100,0
DA:101,0
DA:104,0
DA:115,0
DA:117,0
DA:118,0
DA:119,0
DA:120,0
LF:52
LH:0
end_of_record
SF:lib\features\home\presentation\view\search_page.dart
DA:17,6
DA:19,0
DA:20,0
DA:32,0
DA:34,0
DA:35,0
DA:38,0
DA:39,0
DA:40,0
DA:43,0
DA:44,0
DA:45,0
DA:46,0
DA:47,0
DA:48,0
DA:49,0
DA:50,0
DA:51,0
DA:52,0
DA:58,0
DA:59,0
DA:60,0
DA:63,0
DA:64,0
DA:65,0
DA:66,0
DA:67,0
DA:68,0
DA:73,0
DA:74,0
DA:75,0
DA:76,0
DA:77,0
DA:78,0
DA:80,0
DA:84,0
DA:85,0
DA:86,0
DA:87,0
DA:89,0
DA:90,0
DA:92,0
DA:93,0
DA:94,0
DA:97,0
DA:98,0
DA:99,0
DA:101,0
DA:106,0
DA:107,0
DA:110,0
DA:112,0
DA:114,0
DA:118,0
DA:119,0
DA:121,0
DA:122,0
DA:124,0
DA:126,0
DA:127,0
DA:129,0
DA:130,0
DA:132,0
DA:133,0
DA:135,0
DA:136,0
DA:138,0
DA:139,0
DA:142,0
DA:148,0
DA:150,0
DA:151,0
DA:154,0
DA:156,0
DA:157,0
DA:159,0
DA:160,0
DA:162,0
DA:166,0
DA:168,0
DA:169,0
DA:170,0
DA:171,0
DA:172,0
DA:175,0
DA:176,0
DA:180,0
DA:182,0
DA:183,0
DA:184,0
DA:185,0
DA:187,0
DA:188,0
DA:189,0
DA:190,0
DA:191,0
DA:194,0
DA:195,0
DA:196,0
DA:197,0
DA:198,0
DA:200,0
DA:201,0
DA:202,0
DA:203,0
DA:206,0
DA:207,0
DA:208,0
DA:209,0
DA:211,0
DA:212,0
DA:213,0
DA:214,0
DA:216,0
DA:217,0
DA:220,0
DA:221,0
DA:222,0
DA:227,0
DA:228,0
DA:234,0
DA:235,0
DA:236,0
DA:238,0
DA:239,0
DA:240,0
DA:241,0
DA:242,0
LF:128
LH:1
end_of_record
SF:lib\features\home\presentation\widgets\filter_sheet.dart
DA:11,0
DA:19,0
DA:20,0
DA:41,0
DA:43,0
DA:44,0
DA:45,0
DA:46,0
DA:47,0
DA:48,0
DA:51,0
DA:53,0
DA:54,0
DA:56,0
DA:57,0
DA:58,0
DA:59,0
DA:61,0
DA:62,0
DA:63,0
DA:65,0
DA:67,0
DA:68,0
DA:69,0
DA:71,0
DA:73,0
DA:74,0
DA:75,0
DA:77,0
DA:78,0
DA:80,0
DA:81,0
DA:82,0
DA:85,0
DA:87,0
DA:88,0
DA:90,0
DA:94,0
DA:99,0
DA:100,0
DA:101,0
DA:102,0
DA:103,0
DA:104,0
DA:105,0
DA:106,0
DA:120,0
DA:126,0
DA:128,0
DA:129,0
DA:130,0
DA:134,0
DA:135,0
DA:136,0
DA:137,0
DA:138,0
DA:141,0
DA:148,0
DA:153,0
DA:155,0
DA:156,0
DA:157,0
DA:161,0
DA:162,0
DA:163,0
DA:164,0
DA:165,0
DA:166,0
DA:167,0
DA:168,0
DA:170,0
DA:176,0
LF:72
LH:0
end_of_record
SF:lib\features\notification\presentation\view\notification_widget.dart
DA:9,7
DA:11,1
DA:13,2
DA:14,2
DA:16,1
DA:17,1
DA:19,1
DA:20,1
DA:22,1
DA:23,2
DA:29,1
DA:31,1
DA:32,1
DA:34,1
DA:35,2
DA:39,1
DA:40,2
DA:41,1
DA:42,1
DA:43,2
DA:44,1
DA:45,2
DA:46,2
DA:47,1
DA:49,1
DA:51,1
DA:52,1
DA:53,2
DA:61,1
DA:62,4
LF:30
LH:30
end_of_record
SF:lib\features\profile\presentation\view\edit_profile_screen.dart
DA:10,6
DA:12,0
DA:13,0
DA:23,0
DA:25,0
DA:27,0
DA:28,0
DA:29,0
DA:31,0
DA:32,0
DA:33,0
DA:34,0
DA:35,0
DA:36,0
DA:37,0
DA:39,0
DA:40,0
DA:42,0
DA:44,0
DA:45,0
DA:47,0
DA:48,0
DA:51,0
DA:53,0
DA:63,0
DA:64,0
DA:66,0
DA:69,0
DA:70,0
DA:72,0
DA:75,0
DA:76,0
DA:78,0
DA:81,0
DA:82,0
DA:92,0
DA:93,0
DA:94,0
DA:96,0
DA:97,0
DA:98,0
DA:100,0
DA:101,0
DA:106,0
DA:107,0
DA:108,0
DA:110,0
DA:111,0
DA:112,0
DA:113,0
DA:114,0
DA:115,0
DA:119,0
LF:53
LH:1
end_of_record
SF:lib\features\profile\presentation\view\my_bookings_view\my_bookings_screen.dart
DA:15,0
DA:17,0
DA:19,0
DA:21,0
DA:22,0
DA:23,0
DA:24,0
LF:7
LH:0
end_of_record
SF:lib\features\profile\presentation\widget\header.dart
DA:8,0
DA:15,0
DA:17,0
DA:18,0
DA:19,0
DA:21,0
DA:22,0
DA:25,0
DA:30,0
DA:31,0
DA:32,0
DA:33,0
DA:39,0
DA:40,0
DA:41,0
DA:42,0
DA:44,0
DA:47,0
DA:55,0
DA:57,0
DA:62,0
DA:63,0
DA:64,0
DA:74,0
DA:75,0
DA:79,0
DA:80,0
DA:84,0
DA:86,0
DA:87,0
DA:88,0
LF:31
LH:0
end_of_record
SF:lib\features\profile\presentation\widget\quick_actions.dart
DA:11,6
DA:13,0
DA:15,0
DA:17,0
DA:20,0
DA:22,0
DA:23,0
DA:24,0
DA:25,0
DA:31,0
DA:33,0
DA:41,0
DA:43,0
DA:44,0
DA:45,0
DA:47,0
DA:48,0
DA:49,0
DA:56,0
DA:57,0
DA:61,0
DA:62,0
DA:70,0
DA:72,0
DA:73,0
DA:74,0
DA:76,0
DA:77,0
DA:86,0
DA:87,0
DA:91,0
DA:92,0
DA:100,0
DA:102,0
DA:103,0
DA:106,0
DA:108,0
DA:109,0
DA:117,0
DA:119,0
DA:120,0
DA:121,0
DA:123,0
DA:126,0
DA:127,0
DA:128,0
DA:131,0
DA:132,0
DA:139,0
DA:140,0
DA:145,0
DA:148,0
DA:149,0
LF:53
LH:1
end_of_record
